TN:
SF:src/components/ActiveFilterPill.jsx
FN:7,(anonymous_0)
FNF:1
FNH:0
FNDA:0,(anonymous_0)
DA:7,0
DA:8,0
LF:2
LH:0
BRF:0
BRH:0
end_of_record
TN:
SF:src/components/ActivityCard.jsx
FN:13,(anonymous_0)
FN:19,(anonymous_1)
FN:24,(anonymous_2)
FN:37,(anonymous_3)
FN:47,(anonymous_4)
FN:53,(anonymous_5)
FN:80,(anonymous_6)
FN:94,(anonymous_7)
FN:97,(anonymous_8)
FN:98,(anonymous_9)
FN:99,(anonymous_10)
FN:100,(anonymous_11)
FN:101,(anonymous_12)
FN:107,(anonymous_13)
FN:108,(anonymous_14)
FN:200,(anonymous_15)
FNF:16
FNH:0
FNDA:0,(anonymous_0)
FNDA:0,(anonymous_1)
FNDA:0,(anonymous_2)
FNDA:0,(anonymous_3)
FNDA:0,(anonymous_4)
FNDA:0,(anonymous_5)
FNDA:0,(anonymous_6)
FNDA:0,(anonymous_7)
FNDA:0,(anonymous_8)
FNDA:0,(anonymous_9)
FNDA:0,(anonymous_10)
FNDA:0,(anonymous_11)
FNDA:0,(anonymous_12)
FNDA:0,(anonymous_13)
FNDA:0,(anonymous_14)
FNDA:0,(anonymous_15)
DA:13,0
DA:14,0
DA:15,0
DA:16,0
DA:19,0
DA:20,0
DA:21,0
DA:24,0
DA:25,0
DA:26,0
DA:27,0
DA:28,0
DA:30,0
DA:31,0
DA:34,0
DA:37,0
DA:38,0
DA:39,0
DA:40,0
DA:41,0
DA:44,0
DA:47,0
DA:48,0
DA:49,0
DA:50,0
DA:53,0
DA:54,0
DA:55,0
DA:57,0
DA:59,0
DA:81,0
DA:94,0
DA:95,0
DA:96,0
DA:97,0
DA:98,0
DA:99,0
DA:100,0
DA:101,0
DA:102,0
DA:103,0
DA:105,0
DA:107,0
DA:108,0
DA:201,0
LF:45
LH:0
BRDA:14,0,0,0
BRDA:14,0,1,0
BRDA:14,0,2,0
BRDA:15,1,0,0
BRDA:15,1,1,0
BRDA:16,2,0,0
BRDA:16,2,1,0
BRDA:16,3,0,0
BRDA:16,3,1,0
BRDA:20,4,0,0
BRDA:20,4,1,0
BRDA:21,5,0,0
BRDA:21,5,1,0
BRDA:25,6,0,0
BRDA:25,6,1,0
BRDA:25,7,0,0
BRDA:25,7,1,0
BRDA:26,8,0,0
BRDA:26,8,1,0
BRDA:27,9,0,0
BRDA:27,9,1,0
BRDA:28,10,0,0
BRDA:28,10,1,0
BRDA:30,11,0,0
BRDA:30,11,1,0
BRDA:31,12,0,0
BRDA:31,12,1,0
BRDA:38,13,0,0
BRDA:38,13,1,0
BRDA:38,14,0,0
BRDA:38,14,1,0
BRDA:39,15,0,0
BRDA:39,15,1,0
BRDA:40,16,0,0
BRDA:40,16,1,0
BRDA:41,17,0,0
BRDA:41,17,1,0
BRDA:48,18,0,0
BRDA:48,18,1,0
BRDA:49,19,0,0
BRDA:49,19,1,0
BRDA:57,20,0,0
BRDA:57,20,1,0
BRDA:57,21,0,0
BRDA:57,21,1,0
BRDA:61,22,0,0
BRDA:61,22,1,0
BRDA:73,23,0,0
BRDA:73,23,1,0
BRDA:83,24,0,0
BRDA:83,24,1,0
BRDA:96,25,0,0
BRDA:96,25,1,0
BRDA:102,26,0,0
BRDA:102,26,1,0
BRDA:103,27,0,0
BRDA:103,27,1,0
BRDA:107,28,0,0
BRDA:107,28,1,0
BRDA:118,29,0,0
BRDA:118,29,1,0
BRDA:125,30,0,0
BRDA:125,30,1,0
BRDA:127,31,0,0
BRDA:127,31,1,0
BRDA:130,32,0,0
BRDA:130,32,1,0
BRDA:137,33,0,0
BRDA:137,33,1,0
BRDA:143,34,0,0
BRDA:143,34,1,0
BRDA:152,35,0,0
BRDA:152,35,1,0
BRDA:152,36,0,0
BRDA:152,36,1,0
BRDA:157,37,0,0
BRDA:157,37,1,0
BRDA:165,38,0,0
BRDA:165,38,1,0
BRDA:177,39,0,0
BRDA:177,39,1,0
BRDA:177,40,0,0
BRDA:177,40,1,0
BRDA:186,41,0,0
BRDA:186,41,1,0
BRDA:198,42,0,0
BRDA:198,42,1,0
BRDA:205,43,0,0
BRDA:205,43,1,0
BRDA:215,44,0,0
BRDA:215,44,1,0
BRDA:219,45,0,0
BRDA:219,45,1,0
BRDA:223,46,0,0
BRDA:223,46,1,0
BRDA:223,47,0,0
BRDA:223,47,1,0
BRDA:225,48,0,0
BRDA:225,48,1,0
BRDA:226,49,0,0
BRDA:226,49,1,0
BRDA:230,50,0,0
BRDA:230,50,1,0
BRF:103
BRH:0
end_of_record
TN:
SF:src/components/ActivityDetailSheet.jsx
FN:29,(anonymous_0)
FN:42,(anonymous_1)
FN:48,(anonymous_2)
FN:53,(anonymous_3)
FN:57,(anonymous_4)
FN:62,(anonymous_5)
FN:67,(anonymous_6)
FN:72,(anonymous_7)
FN:90,(anonymous_8)
FN:96,(anonymous_9)
FN:104,(anonymous_10)
FN:108,(anonymous_11)
FN:119,(anonymous_12)
FN:123,(anonymous_13)
FN:142,(anonymous_14)
FN:177,(anonymous_15)
FN:179,(anonymous_16)
FN:203,(anonymous_17)
FN:227,(anonymous_18)
FN:239,(anonymous_19)
FN:253,(anonymous_20)
FN:263,(anonymous_21)
FN:281,(anonymous_22)
FN:285,(anonymous_23)
FN:297,(anonymous_24)
FN:403,(anonymous_25)
FN:406,(anonymous_26)
FN:431,(anonymous_27)
FN:456,(anonymous_28)
FN:475,(anonymous_29)
FNF:30
FNH:0
FNDA:0,(anonymous_0)
FNDA:0,(anonymous_1)
FNDA:0,(anonymous_2)
FNDA:0,(anonymous_3)
FNDA:0,(anonymous_4)
FNDA:0,(anonymous_5)
FNDA:0,(anonymous_6)
FNDA:0,(anonymous_7)
FNDA:0,(anonymous_8)
FNDA:0,(anonymous_9)
FNDA:0,(anonymous_10)
FNDA:0,(anonymous_11)
FNDA:0,(anonymous_12)
FNDA:0,(anonymous_13)
FNDA:0,(anonymous_14)
FNDA:0,(anonymous_15)
FNDA:0,(anonymous_16)
FNDA:0,(anonymous_17)
FNDA:0,(anonymous_18)
FNDA:0,(anonymous_19)
FNDA:0,(anonymous_20)
FNDA:0,(anonymous_21)
FNDA:0,(anonymous_22)
FNDA:0,(anonymous_23)
FNDA:0,(anonymous_24)
FNDA:0,(anonymous_25)
FNDA:0,(anonymous_26)
FNDA:0,(anonymous_27)
FNDA:0,(anonymous_28)
FNDA:0,(anonymous_29)
DA:29,0
DA:30,0
DA:31,0
DA:32,0
DA:33,0
DA:34,0
DA:35,0
DA:36,0
DA:37,0
DA:38,0
DA:39,0
DA:42,0
DA:43,0
DA:44,0
DA:45,0
DA:48,0
DA:49,0
DA:50,0
DA:53,0
DA:54,0
DA:57,0
DA:58,0
DA:59,0
DA:62,0
DA:63,0
DA:64,0
DA:67,0
DA:68,0
DA:69,0
DA:72,0
DA:73,0
DA:74,0
DA:75,0
DA:76,0
DA:77,0
DA:79,0
DA:90,0
DA:97,0
DA:105,0
DA:109,0
DA:110,0
DA:120,0
DA:124,0
DA:125,0
DA:142,0
DA:150,0
DA:152,0
DA:178,0
DA:179,0
DA:180,0
DA:204,0
DA:227,0
DA:228,0
DA:229,0
DA:230,0
DA:231,0
DA:232,0
DA:233,0
DA:234,0
DA:236,0
DA:237,0
DA:239,0
DA:240,0
DA:241,0
DA:242,0
DA:243,0
DA:244,0
DA:245,0
DA:247,0
DA:249,0
DA:253,0
DA:254,0
DA:255,0
DA:257,0
DA:258,0
DA:259,0
DA:263,0
DA:264,0
DA:265,0
DA:267,0
DA:268,0
DA:269,0
DA:270,0
DA:273,0
DA:281,0
DA:282,0
DA:285,0
DA:286,0
DA:291,0
DA:295,0
DA:297,0
DA:298,0
DA:299,0
DA:300,0
DA:303,0
DA:304,0
DA:305,0
DA:306,0
DA:308,0
DA:404,0
DA:405,0
DA:406,0
DA:407,0
DA:431,0
DA:457,0
DA:475,0
LF:106
LH:0
BRDA:30,0,0,0
BRDA:30,0,1,0
BRDA:36,1,0,0
BRDA:36,1,1,0
BRDA:37,2,0,0
BRDA:37,2,1,0
BRDA:38,3,0,0
BRDA:38,3,1,0
BRDA:45,4,0,0
BRDA:45,4,1,0
BRDA:49,5,0,0
BRDA:49,5,1,0
BRDA:49,6,0,0
BRDA:49,6,1,0
BRDA:50,7,0,0
BRDA:50,7,1,0
BRDA:54,8,0,0
BRDA:54,8,1,0
BRDA:54,8,2,0
BRDA:58,9,0,0
BRDA:58,9,1,0
BRDA:63,10,0,0
BRDA:63,10,1,0
BRDA:68,11,0,0
BRDA:68,11,1,0
BRDA:73,12,0,0
BRDA:73,12,1,0
BRDA:75,13,0,0
BRDA:75,13,1,0
BRDA:76,14,0,0
BRDA:76,14,1,0
BRDA:77,15,0,0
BRDA:77,15,1,0
BRDA:86,16,0,0
BRDA:86,16,1,0
BRDA:86,17,0,0
BRDA:86,17,1,0
BRDA:86,17,2,0
BRDA:89,18,0,0
BRDA:89,18,1,0
BRDA:89,19,0,0
BRDA:89,19,1,0
BRDA:90,20,0,0
BRDA:90,20,1,0
BRDA:110,21,0,0
BRDA:110,21,1,0
BRDA:115,22,0,0
BRDA:115,22,1,0
BRDA:125,23,0,0
BRDA:125,23,1,0
BRDA:134,24,0,0
BRDA:134,24,1,0
BRDA:157,25,0,0
BRDA:157,25,1,0
BRDA:159,26,0,0
BRDA:159,26,1,0
BRDA:166,27,0,0
BRDA:166,27,1,0
BRDA:178,28,0,0
BRDA:178,28,1,0
BRDA:181,29,0,0
BRDA:181,29,1,0
BRDA:182,30,0,0
BRDA:182,30,1,0
BRDA:191,31,0,0
BRDA:191,31,1,0
BRDA:197,32,0,0
BRDA:197,32,1,0
BRDA:207,33,0,0
BRDA:207,33,1,0
BRDA:210,34,0,0
BRDA:210,34,1,0
BRDA:219,35,0,0
BRDA:219,35,1,0
BRDA:219,35,2,0
BRDA:237,36,0,0
BRDA:237,36,1,0
BRDA:240,37,0,0
BRDA:240,37,1,0
BRDA:240,38,0,0
BRDA:240,38,1,0
BRDA:245,39,0,0
BRDA:245,39,1,0
BRDA:254,40,0,0
BRDA:254,40,1,0
BRDA:254,41,0,0
BRDA:254,41,1,0
BRDA:257,42,0,0
BRDA:257,42,1,0
BRDA:265,43,0,0
BRDA:265,43,1,0
BRDA:265,44,0,0
BRDA:265,44,1,0
BRDA:265,44,2,0
BRDA:265,44,3,0
BRDA:274,45,0,0
BRDA:274,45,1,0
BRDA:276,46,0,0
BRDA:276,46,1,0
BRDA:276,47,0,0
BRDA:276,47,1,0
BRDA:276,48,0,0
BRDA:276,48,1,0
BRDA:295,49,0,0
BRDA:295,49,1,0
BRDA:298,50,0,0
BRDA:298,50,1,0
BRDA:298,50,2,0
BRDA:299,51,0,0
BRDA:299,51,1,0
BRDA:300,52,0,0
BRDA:300,52,1,0
BRDA:300,53,0,0
BRDA:300,53,1,0
BRDA:303,54,0,0
BRDA:303,54,1,0
BRDA:303,54,2,0
BRDA:304,55,0,0
BRDA:304,55,1,0
BRDA:317,56,0,0
BRDA:317,56,1,0
BRDA:318,57,0,0
BRDA:318,57,1,0
BRDA:325,58,0,0
BRDA:325,58,1,0
BRDA:327,59,0,0
BRDA:327,59,1,0
BRDA:342,60,0,0
BRDA:342,60,1,0
BRDA:350,61,0,0
BRDA:350,61,1,0
BRDA:350,62,0,0
BRDA:350,62,1,0
BRDA:358,63,0,0
BRDA:358,63,1,0
BRDA:366,64,0,0
BRDA:366,64,1,0
BRDA:372,65,0,0
BRDA:372,65,1,0
BRDA:383,66,0,0
BRDA:383,66,1,0
BRDA:391,67,0,0
BRDA:391,67,1,0
BRDA:394,68,0,0
BRDA:394,68,1,0
BRDA:400,69,0,0
BRDA:400,69,1,0
BRDA:409,70,0,0
BRDA:409,70,1,0
BRDA:409,70,2,0
BRDA:410,71,0,0
BRDA:410,71,1,0
BRDA:411,72,0,0
BRDA:411,72,1,0
BRDA:412,73,0,0
BRDA:412,73,1,0
BRDA:419,74,0,0
BRDA:419,74,1,0
BRDA:435,75,0,0
BRDA:435,75,1,0
BRDA:435,75,2,0
BRDA:444,76,0,0
BRDA:444,76,1,0
BRDA:452,77,0,0
BRDA:452,77,1,0
BRDA:468,78,0,0
BRDA:468,78,1,0
BRDA:470,79,0,0
BRDA:470,79,1,0
BRDA:474,80,0,0
BRDA:474,80,1,0
BRDA:475,81,0,0
BRDA:475,81,1,0
BRDA:502,82,0,0
BRDA:502,82,1,0
BRDA:502,82,2,0
BRDA:505,83,0,0
BRDA:505,83,1,0
BRDA:508,84,0,0
BRDA:508,84,1,0
BRF:180
BRH:0
end_of_record
TN:
SF:src/components/ActivityEmptyState.jsx
FN:7,(anonymous_0)
FNF:1
FNH:0
FNDA:0,(anonymous_0)
DA:7,0
DA:8,0
LF:2
LH:0
BRDA:11,0,0,0
BRDA:11,0,1,0
BRDA:17,1,0,0
BRDA:17,1,1,0
BRDA:20,2,0,0
BRDA:20,2,1,0
BRDA:22,3,0,0
BRDA:22,3,1,0
BRF:8
BRH:0
end_of_record
TN:
SF:src/components/ActivitySkeletonCard.jsx
FN:5,(anonymous_0)
FN:8,(anonymous_1)
FN:16,(anonymous_2)
FNF:3
FNH:0
FNDA:0,(anonymous_0)
FNDA:0,(anonymous_1)
FNDA:0,(anonymous_2)
DA:5,0
DA:6,0
DA:8,0
DA:9,0
DA:15,0
DA:16,0
DA:19,0
LF:7
LH:0
BRF:0
BRH:0
end_of_record
TN:
SF:src/components/AuthImage.jsx
FN:14,(anonymous_0)
FN:19,(anonymous_1)
FN:29,(anonymous_2)
FN:42,(anonymous_3)
FN:51,(anonymous_4)
FNF:5
FNH:0
FNDA:0,(anonymous_0)
FNDA:0,(anonymous_1)
FNDA:0,(anonymous_2)
FNDA:0,(anonymous_3)
FNDA:0,(anonymous_4)
DA:14,0
DA:15,0
DA:16,0
DA:17,0
DA:19,0
DA:20,0
DA:21,0
DA:22,0
DA:23,0
DA:24,0
DA:25,0
DA:26,0
DA:29,0
DA:30,0
DA:31,0
DA:33,0
DA:34,0
DA:35,0
DA:36,0
DA:37,0
DA:39,0
DA:42,0
DA:45,0
DA:47,0
DA:52,0
DA:53,0
DA:54,0
DA:57,0
DA:58,0
LF:29
LH:0
BRDA:22,0,0,0
BRDA:22,0,1,0
BRDA:23,1,0,0
BRDA:23,1,1,0
BRDA:31,2,0,0
BRDA:31,2,1,0
BRDA:36,3,0,0
BRDA:36,3,1,0
BRDA:37,4,0,0
BRDA:37,4,1,0
BRDA:45,5,0,0
BRDA:45,5,1,0
BRDA:52,6,0,0
BRDA:52,6,1,0
BRDA:52,7,0,0
BRDA:52,7,1,0
BRDA:52,7,2,0
BRDA:57,8,0,0
BRDA:57,8,1,0
BRF:19
BRH:0
end_of_record
TN:
SF:src/components/AuthenticatedImage.jsx
FN:14,(anonymous_0)
FN:20,(anonymous_1)
FN:24,(anonymous_2)
FN:62,(anonymous_3)
FN:86,(anonymous_4)
FNF:5
FNH:0
FNDA:0,(anonymous_0)
FNDA:0,(anonymous_1)
FNDA:0,(anonymous_2)
FNDA:0,(anonymous_3)
FNDA:0,(anonymous_4)
DA:14,0
DA:15,0
DA:16,0
DA:17,0
DA:18,0
DA:20,0
DA:21,0
DA:22,0
DA:24,0
DA:25,0
DA:26,0
DA:27,0
DA:30,0
DA:31,0
DA:36,0
DA:39,0
DA:40,0
DA:41,0
DA:42,0
DA:43,0
DA:46,0
DA:47,0
DA:48,0
DA:49,0
DA:52,0
DA:53,0
DA:54,0
DA:55,0
DA:56,0
DA:61,0
DA:62,0
DA:65,0
DA:66,0
DA:73,0
DA:74,0
DA:81,0
DA:87,0
DA:88,0
DA:89,0
DA:90,0
DA:92,0
LF:41
LH:0
BRDA:14,0,0,0
BRDA:14,1,0,0
BRDA:14,2,0,0
BRDA:25,3,0,0
BRDA:25,3,1,0
BRDA:26,4,0,0
BRDA:26,4,1,0
BRDA:39,5,0,0
BRDA:39,5,1,0
BRDA:42,6,0,0
BRDA:42,6,1,0
BRDA:43,7,0,0
BRDA:43,7,1,0
BRDA:46,8,0,0
BRDA:46,8,1,0
BRDA:48,9,0,0
BRDA:48,9,1,0
BRDA:53,10,0,0
BRDA:53,10,1,0
BRDA:65,11,0,0
BRDA:65,11,1,0
BRDA:65,12,0,0
BRDA:65,12,1,0
BRDA:73,13,0,0
BRDA:73,13,1,0
BRDA:87,14,0,0
BRDA:87,14,1,0
BRDA:87,15,0,0
BRDA:87,15,1,0
BRDA:87,15,2,0
BRF:30
BRH:0
end_of_record
TN:
SF:src/components/AuthenticatedVideo.jsx
FN:17,(anonymous_0)
FN:24,(anonymous_1)
FN:32,(anonymous_2)
FN:40,(anonymous_3)
FN:53,(anonymous_4)
FN:65,(anonymous_5)
FN:132,(anonymous_6)
FN:135,(anonymous_7)
FN:138,(anonymous_8)
FN:155,(anonymous_9)
FNF:10
FNH:0
FNDA:0,(anonymous_0)
FNDA:0,(anonymous_1)
FNDA:0,(anonymous_2)
FNDA:0,(anonymous_3)
FNDA:0,(anonymous_4)
FNDA:0,(anonymous_5)
FNDA:0,(anonymous_6)
FNDA:0,(anonymous_7)
FNDA:0,(anonymous_8)
FNDA:0,(anonymous_9)
DA:17,0
DA:18,0
DA:19,0
DA:20,0
DA:21,0
DA:22,0
DA:24,0
DA:25,0
DA:28,0
DA:29,0
DA:32,0
DA:33,0
DA:34,0
DA:35,0
DA:36,0
DA:37,0
DA:38,0
DA:39,0
DA:40,0
DA:41,0
DA:42,0
DA:43,0
DA:45,0
DA:47,0
DA:49,0
DA:50,0
DA:53,0
DA:54,0
DA:55,0
DA:56,0
DA:58,0
DA:65,0
DA:66,0
DA:67,0
DA:73,0
DA:74,0
DA:81,0
DA:82,0
DA:84,0
DA:132,0
DA:133,0
DA:135,0
DA:136,0
DA:137,0
DA:138,0
DA:139,0
DA:140,0
DA:141,0
DA:142,0
DA:144,0
DA:145,0
DA:146,0
DA:149,0
DA:151,0
DA:152,0
DA:155,0
DA:158,0
DA:159,0
DA:166,0
DA:167,0
DA:174,0
LF:61
LH:0
BRDA:33,0,0,0
BRDA:33,0,1,0
BRDA:33,1,0,0
BRDA:33,1,1,0
BRDA:33,1,2,0
BRDA:37,2,0,0
BRDA:37,2,1,0
BRDA:37,3,0,0
BRDA:37,3,1,0
BRDA:49,4,0,0
BRDA:49,4,1,0
BRDA:49,5,0,0
BRDA:49,5,1,0
BRDA:50,6,0,0
BRDA:50,6,1,0
BRDA:50,7,0,0
BRDA:50,7,1,0
BRDA:55,8,0,0
BRDA:55,8,1,0
BRDA:73,9,0,0
BRDA:73,9,1,0
BRDA:82,10,0,0
BRDA:82,10,1,0
BRDA:94,11,0,0
BRDA:94,11,1,0
BRDA:105,12,0,0
BRDA:105,12,1,0
BRDA:115,13,0,0
BRDA:115,13,1,0
BRDA:132,14,0,0
BRDA:136,15,0,0
BRDA:136,15,1,0
BRDA:141,16,0,0
BRDA:141,16,1,0
BRDA:142,17,0,0
BRDA:142,17,1,0
BRDA:146,18,0,0
BRDA:146,18,1,0
BRDA:146,19,0,0
BRDA:146,19,1,0
BRDA:152,20,0,0
BRDA:152,20,1,0
BRDA:152,21,0,0
BRDA:152,21,1,0
BRDA:158,22,0,0
BRDA:158,22,1,0
BRDA:166,23,0,0
BRDA:166,23,1,0
BRF:48
BRH:0
end_of_record
TN:
SF:src/components/Avatar.jsx
FN:7,(anonymous_0)
FN:11,(anonymous_1)
FNF:2
FNH:0
FNDA:0,(anonymous_0)
FNDA:0,(anonymous_1)
DA:7,0
DA:8,0
DA:11,0
DA:17,0
DA:19,0
DA:20,0
DA:29,0
DA:40,0
LF:8
LH:0
BRDA:7,0,0,0
BRDA:8,1,0,0
BRDA:8,1,1,0
BRDA:19,2,0,0
BRDA:19,2,1,0
BRF:5
BRH:0
end_of_record
TN:
SF:src/components/CustomTabBar.jsx
FN:18,(anonymous_0)
FN:29,(anonymous_1)
FN:47,(anonymous_2)
FN:73,(anonymous_3)
FN:81,(anonymous_4)
FN:92,(anonymous_5)
FNF:6
FNH:0
FNDA:0,(anonymous_0)
FNDA:0,(anonymous_1)
FNDA:0,(anonymous_2)
FNDA:0,(anonymous_3)
FNDA:0,(anonymous_4)
FNDA:0,(anonymous_5)
DA:10,0
DA:11,0
DA:12,0
DA:13,0
DA:16,0
DA:18,0
DA:19,0
DA:20,0
DA:21,0
DA:22,0
DA:24,0
DA:25,0
DA:27,0
DA:29,0
DA:30,0
DA:31,0
DA:32,0
DA:42,0
DA:43,0
DA:44,0
DA:45,0
DA:47,0
DA:48,0
DA:49,0
DA:50,0
DA:51,0
DA:54,0
DA:56,0
DA:74,0
DA:75,0
DA:76,0
DA:77,0
DA:78,0
DA:79,0
DA:81,0
DA:82,0
DA:87,0
DA:88,0
DA:92,0
DA:93,0
DA:99,0
DA:144,0
LF:42
LH:0
BRDA:27,0,0,0
BRDA:27,0,1,0
BRDA:30,1,0,0
BRDA:30,1,1,0
BRDA:44,2,0,0
BRDA:44,2,1,0
BRDA:45,3,0,0
BRDA:45,3,1,0
BRDA:54,4,0,0
BRDA:54,4,1,0
BRDA:61,5,0,0
BRDA:61,5,1,0
BRDA:61,5,2,0
BRDA:75,6,0,0
BRDA:75,6,1,0
BRDA:75,6,2,0
BRDA:78,7,0,0
BRDA:78,7,1,0
BRDA:79,8,0,0
BRDA:79,8,1,0
BRDA:79,8,2,0
BRDA:87,9,0,0
BRDA:87,9,1,0
BRDA:87,10,0,0
BRDA:87,10,1,0
BRDA:103,11,0,0
BRDA:103,11,1,0
BRDA:115,12,0,0
BRDA:115,12,1,0
BRDA:118,13,0,0
BRDA:118,13,1,0
BRDA:121,14,0,0
BRDA:121,14,1,0
BRDA:129,15,0,0
BRDA:129,15,1,0
BRDA:161,16,0,0
BRDA:161,16,1,0
BRF:37
BRH:0
end_of_record
TN:
SF:src/components/EmptyState.jsx
FN:8,(anonymous_0)
FNF:1
FNH:0
FNDA:0,(anonymous_0)
DA:8,0
DA:9,0
DA:28,0
LF:3
LH:0
BRDA:8,0,0,0
BRDA:12,1,0,0
BRDA:12,1,1,0
BRDA:13,2,0,0
BRDA:13,2,1,0
BRDA:14,3,0,0
BRDA:14,3,1,0
BRDA:14,3,2,0
BRF:8
BRH:0
end_of_record
TN:
SF:src/components/ErrorBoundary.jsx
FN:9,(anonymous_0)
FN:14,(anonymous_1)
FN:18,(anonymous_2)
FN:34,(anonymous_3)
FN:38,(anonymous_4)
FNF:5
FNH:0
FNDA:0,(anonymous_0)
FNDA:0,(anonymous_1)
FNDA:0,(anonymous_2)
FNDA:0,(anonymous_3)
FNDA:0,(anonymous_4)
DA:10,0
DA:11,0
DA:15,0
DA:19,0
DA:21,0
DA:34,0
DA:35,0
DA:39,0
DA:40,0
DA:75,0
LF:10
LH:0
BRDA:22,0,0,0
BRDA:22,0,1,0
BRDA:22,0,2,0
BRDA:23,1,0,0
BRDA:23,1,1,0
BRDA:24,2,0,0
BRDA:24,2,1,0
BRDA:25,3,0,0
BRDA:25,3,1,0
BRDA:29,4,0,0
BRDA:29,4,1,0
BRDA:39,5,0,0
BRDA:39,5,1,0
BRDA:60,6,0,0
BRDA:60,6,1,0
BRDA:60,6,2,0
BRF:16
BRH:0
end_of_record
TN:
SF:src/components/FilterPill.jsx
FN:7,(anonymous_0)
FNF:1
FNH:0
FNDA:0,(anonymous_0)
DA:7,0
DA:8,0
LF:2
LH:0
BRDA:9,0,0,0
BRDA:9,0,1,0
BRDA:16,1,0,0
BRDA:16,1,1,0
BRDA:18,2,0,0
BRDA:18,2,1,0
BRDA:21,3,0,0
BRDA:21,3,1,0
BRDA:29,4,0,0
BRDA:29,4,1,0
BRF:10
BRH:0
end_of_record
TN:
SF:src/components/LoadingOverlay.jsx
FN:6,(anonymous_0)
FNF:1
FNH:0
FNDA:0,(anonymous_0)
DA:6,0
DA:7,0
DA:21,0
LF:3
LH:0
BRDA:6,0,0,0
BRDA:6,1,0,0
BRF:2
BRH:0
end_of_record
TN:
SF:src/components/MediaPickerModal.jsx
FN:36,(anonymous_0)
FN:42,(anonymous_1)
FN:60,(anonymous_2)
FN:74,(anonymous_3)
FN:82,(anonymous_4)
FN:87,(anonymous_5)
FN:113,(anonymous_6)
FN:131,(anonymous_7)
FN:147,(anonymous_8)
FN:152,(anonymous_9)
FN:154,(anonymous_10)
FN:161,(anonymous_11)
FN:173,(anonymous_12)
FN:337,(anonymous_13)
FN:354,(anonymous_14)
FNF:15
FNH:0
FNDA:0,(anonymous_0)
FNDA:0,(anonymous_1)
FNDA:0,(anonymous_2)
FNDA:0,(anonymous_3)
FNDA:0,(anonymous_4)
FNDA:0,(anonymous_5)
FNDA:0,(anonymous_6)
FNDA:0,(anonymous_7)
FNDA:0,(anonymous_8)
FNDA:0,(anonymous_9)
FNDA:0,(anonymous_10)
FNDA:0,(anonymous_11)
FNDA:0,(anonymous_12)
FNDA:0,(anonymous_13)
FNDA:0,(anonymous_14)
DA:30,0
DA:36,0
DA:37,0
DA:38,0
DA:39,0
DA:42,0
DA:49,0
DA:50,0
DA:51,0
DA:52,0
DA:53,0
DA:54,0
DA:55,0
DA:56,0
DA:57,0
DA:58,0
DA:60,0
DA:61,0
DA:62,0
DA:63,0
DA:64,0
DA:65,0
DA:66,0
DA:68,0
DA:70,0
DA:74,0
DA:75,0
DA:76,0
DA:77,0
DA:78,0
DA:82,0
DA:83,0
DA:84,0
DA:87,0
DA:88,0
DA:89,0
DA:90,0
DA:91,0
DA:92,0
DA:95,0
DA:101,0
DA:103,0
DA:104,0
DA:105,0
DA:106,0
DA:108,0
DA:109,0
DA:113,0
DA:114,0
DA:115,0
DA:116,0
DA:117,0
DA:119,0
DA:121,0
DA:122,0
DA:124,0
DA:125,0
DA:131,0
DA:134,0
DA:135,0
DA:136,0
DA:137,0
DA:139,0
DA:140,0
DA:142,0
DA:143,0
DA:147,0
DA:148,0
DA:149,0
DA:152,0
DA:154,0
DA:155,0
DA:156,0
DA:157,0
DA:158,0
DA:161,0
DA:162,0
DA:163,0
DA:164,0
DA:166,0
DA:174,0
DA:175,0
DA:208,0
DA:337,0
DA:354,0
LF:85
LH:0
BRDA:37,0,0,0
BRDA:37,0,1,0
BRDA:38,1,0,0
BRDA:38,1,1,0
BRDA:46,2,0,0
BRDA:47,3,0,0
BRDA:64,4,0,0
BRDA:64,4,1,0
BRDA:66,5,0,0
BRDA:66,5,1,0
BRDA:75,6,0,0
BRDA:75,6,1,0
BRDA:83,7,0,0
BRDA:83,7,1,0
BRDA:84,8,0,0
BRDA:84,8,1,0
BRDA:90,9,0,0
BRDA:90,9,1,0
BRDA:101,10,0,0
BRDA:101,10,1,0
BRDA:101,11,0,0
BRDA:101,11,1,0
BRDA:109,12,0,0
BRDA:109,12,1,0
BRDA:115,13,0,0
BRDA:115,13,1,0
BRDA:119,14,0,0
BRDA:119,14,1,0
BRDA:140,15,0,0
BRDA:140,15,1,0
BRDA:140,15,2,0
BRDA:155,16,0,0
BRDA:155,16,1,0
BRDA:156,17,0,0
BRDA:156,17,1,0
BRDA:157,18,0,0
BRDA:157,18,1,0
BRDA:157,19,0,0
BRDA:157,19,1,0
BRDA:170,20,0,0
BRDA:170,20,1,0
BRDA:171,21,0,0
BRDA:171,21,1,0
BRDA:174,22,0,0
BRDA:174,22,1,0
BRDA:175,23,0,0
BRDA:175,23,1,0
BRDA:177,24,0,0
BRDA:177,24,1,0
BRDA:181,25,0,0
BRDA:181,25,1,0
BRDA:190,26,0,0
BRDA:190,26,1,0
BRDA:195,27,0,0
BRDA:195,27,1,0
BRDA:202,28,0,0
BRDA:202,28,1,0
BRDA:202,28,2,0
BRDA:202,28,3,0
BRDA:225,29,0,0
BRDA:225,29,1,0
BRDA:251,30,0,0
BRDA:251,30,1,0
BRDA:251,30,2,0
BRDA:253,31,0,0
BRDA:253,31,1,0
BRDA:261,32,0,0
BRDA:261,32,1,0
BRDA:261,32,2,0
BRDA:297,33,0,0
BRDA:297,33,1,0
BRDA:311,34,0,0
BRDA:311,34,1,0
BRDA:329,35,0,0
BRDA:329,35,1,0
BRF:75
BRH:0
end_of_record
TN:
SF:src/components/PromoCodeInput.jsx
FN:21,(anonymous_0)
FN:35,(anonymous_1)
FN:70,(anonymous_2)
FN:103,(anonymous_3)
FNF:4
FNH:0
FNDA:0,(anonymous_0)
FNDA:0,(anonymous_1)
FNDA:0,(anonymous_2)
FNDA:0,(anonymous_3)
DA:21,0
DA:30,0
DA:31,0
DA:32,0
DA:33,0
DA:35,0
DA:36,0
DA:38,0
DA:39,0
DA:41,0
DA:42,0
DA:47,0
DA:48,0
DA:50,0
DA:52,0
DA:53,0
DA:54,0
DA:56,0
DA:60,0
DA:63,0
DA:64,0
DA:66,0
DA:70,0
DA:71,0
DA:72,0
DA:73,0
DA:74,0
DA:77,0
DA:78,0
DA:96,0
DA:104,0
DA:105,0
DA:131,0
LF:33
LH:0
BRDA:28,0,0,0
BRDA:36,1,0,0
BRDA:36,1,1,0
BRDA:47,2,0,0
BRDA:47,2,1,0
BRDA:48,3,0,0
BRDA:48,3,1,0
BRDA:52,4,0,0
BRDA:52,4,1,0
BRDA:52,5,0,0
BRDA:52,5,1,0
BRDA:56,6,0,0
BRDA:56,6,1,0
BRDA:60,7,0,0
BRDA:60,7,1,0
BRDA:60,7,2,0
BRDA:77,8,0,0
BRDA:77,8,1,0
BRDA:105,9,0,0
BRDA:105,9,1,0
BRDA:108,10,0,0
BRDA:108,10,1,0
BRDA:119,11,0,0
BRDA:119,11,1,0
BRDA:126,12,0,0
BRDA:126,12,1,0
BRDA:156,13,0,0
BRDA:156,13,1,0
BRF:28
BRH:0
end_of_record
TN:
SF:src/components/RoleSwitcher.jsx
FN:14,(anonymous_0)
FN:19,(anonymous_1)
FN:33,(anonymous_2)
FNF:3
FNH:0
FNDA:0,(anonymous_0)
FNDA:0,(anonymous_1)
FNDA:0,(anonymous_2)
DA:8,0
DA:14,0
DA:15,0
DA:17,0
DA:19,0
DA:20,0
DA:21,0
DA:22,0
DA:23,0
DA:24,0
DA:25,0
DA:29,0
DA:33,0
LF:13
LH:0
BRDA:17,0,0,0
BRDA:17,0,1,0
BRDA:19,1,0,0
BRDA:19,1,1,0
BRDA:19,2,0,0
BRDA:19,2,1,0
BRDA:21,3,0,0
BRDA:21,3,1,0
BRDA:22,4,0,0
BRDA:22,4,1,0
BRDA:22,5,0,0
BRDA:22,5,1,0
BRDA:23,6,0,0
BRDA:23,6,1,0
BRDA:23,7,0,0
BRDA:23,7,1,0
BRDA:24,8,0,0
BRDA:24,8,1,0
BRDA:24,9,0,0
BRDA:24,9,1,0
BRDA:25,10,0,0
BRDA:25,10,1,0
BRDA:26,11,0,0
BRDA:26,11,1,0
BRF:24
BRH:0
end_of_record
TN:
SF:src/components/ScreenHeader.jsx
FN:7,(anonymous_0)
FNF:1
FNH:0
FNDA:0,(anonymous_0)
DA:7,0
DA:8,0
DA:10,0
DA:44,0
LF:4
LH:0
BRDA:8,0,0,0
BRDA:8,0,1,0
BRDA:12,1,0,0
BRDA:12,1,1,0
BRDA:26,2,0,0
BRDA:26,2,1,0
BRDA:28,3,0,0
BRDA:28,3,1,0
BRDA:28,4,0,0
BRDA:28,4,1,0
BRF:10
BRH:0
end_of_record
TN:
SF:src/components/ShareTargetSheet.jsx
FN:21,(anonymous_0)
FN:31,(anonymous_1)
FN:48,(anonymous_2)
FN:75,(anonymous_3)
FN:78,(anonymous_4)
FN:81,(anonymous_5)
FN:86,(anonymous_6)
FN:93,(anonymous_7)
FN:98,(anonymous_8)
FN:99,(anonymous_9)
FN:101,(anonymous_10)
FN:103,(anonymous_11)
FN:109,(anonymous_12)
FN:109,(anonymous_13)
FN:113,(anonymous_14)
FN:123,(anonymous_15)
FN:126,(anonymous_16)
FN:134,(anonymous_17)
FN:157,(anonymous_18)
FN:164,(anonymous_19)
FN:236,(anonymous_20)
FN:246,(anonymous_21)
FN:254,(anonymous_22)
FN:265,(anonymous_23)
FN:269,(anonymous_24)
FN:286,(anonymous_25)
FNF:26
FNH:0
FNDA:0,(anonymous_0)
FNDA:0,(anonymous_1)
FNDA:0,(anonymous_2)
FNDA:0,(anonymous_3)
FNDA:0,(anonymous_4)
FNDA:0,(anonymous_5)
FNDA:0,(anonymous_6)
FNDA:0,(anonymous_7)
FNDA:0,(anonymous_8)
FNDA:0,(anonymous_9)
FNDA:0,(anonymous_10)
FNDA:0,(anonymous_11)
FNDA:0,(anonymous_12)
FNDA:0,(anonymous_13)
FNDA:0,(anonymous_14)
FNDA:0,(anonymous_15)
FNDA:0,(anonymous_16)
FNDA:0,(anonymous_17)
FNDA:0,(anonymous_18)
FNDA:0,(anonymous_19)
FNDA:0,(anonymous_20)
FNDA:0,(anonymous_21)
FNDA:0,(anonymous_22)
FNDA:0,(anonymous_23)
FNDA:0,(anonymous_24)
FNDA:0,(anonymous_25)
DA:18,0
DA:19,0
DA:21,0
DA:22,0
DA:23,0
DA:24,0
DA:25,0
DA:26,0
DA:27,0
DA:28,0
DA:29,0
DA:31,0
DA:32,0
DA:33,0
DA:34,0
DA:38,0
DA:39,0
DA:41,0
DA:43,0
DA:48,0
DA:49,0
DA:50,0
DA:52,0
DA:53,0
DA:54,0
DA:55,0
DA:57,0
DA:59,0
DA:61,0
DA:63,0
DA:64,0
DA:65,0
DA:66,0
DA:68,0
DA:70,0
DA:75,0
DA:76,0
DA:77,0
DA:78,0
DA:79,0
DA:81,0
DA:82,0
DA:86,0
DA:87,0
DA:88,0
DA:89,0
DA:90,0
DA:91,0
DA:93,0
DA:94,0
DA:98,0
DA:99,0
DA:100,0
DA:101,0
DA:103,0
DA:104,0
DA:108,0
DA:109,0
DA:113,0
DA:114,0
DA:115,0
DA:119,0
DA:122,0
DA:123,0
DA:126,0
DA:127,0
DA:128,0
DA:129,0
DA:131,0
DA:134,0
DA:157,0
DA:158,0
DA:159,0
DA:161,0
DA:164,0
DA:192,0
DA:193,0
DA:194,0
DA:198,0
DA:236,0
DA:246,0
DA:254,0
DA:266,0
DA:269,0
DA:286,0
LF:85
LH:0
BRDA:38,0,0,0
BRDA:38,0,1,0
BRDA:38,0,2,0
BRDA:39,1,0,0
BRDA:39,1,1,0
BRDA:39,1,2,0
BRDA:41,2,0,0
BRDA:41,2,1,0
BRDA:50,3,0,0
BRDA:50,3,1,0
BRDA:55,4,0,0
BRDA:55,4,1,0
BRDA:55,4,2,0
BRDA:57,5,0,0
BRDA:57,5,1,0
BRDA:66,6,0,0
BRDA:66,6,1,0
BRDA:66,6,2,0
BRDA:68,7,0,0
BRDA:68,7,1,0
BRDA:76,8,0,0
BRDA:76,8,1,0
BRDA:77,9,0,0
BRDA:77,9,1,0
BRDA:82,10,0,0
BRDA:82,10,1,0
BRDA:87,11,0,0
BRDA:87,11,1,0
BRDA:94,12,0,0
BRDA:94,12,1,0
BRDA:101,13,0,0
BRDA:101,13,1,0
BRDA:103,14,0,0
BRDA:103,14,1,0
BRDA:103,15,0,0
BRDA:103,15,1,0
BRDA:109,16,0,0
BRDA:109,16,1,0
BRDA:114,17,0,0
BRDA:114,17,1,0
BRDA:122,18,0,0
BRDA:122,18,1,0
BRDA:123,19,0,0
BRDA:123,19,1,0
BRDA:128,20,0,0
BRDA:128,20,1,0
BRDA:128,21,0,0
BRDA:128,21,1,0
BRDA:128,22,0,0
BRDA:128,22,1,0
BRDA:129,23,0,0
BRDA:129,23,1,0
BRDA:129,24,0,0
BRDA:129,24,1,0
BRDA:129,25,0,0
BRDA:129,25,1,0
BRDA:129,26,0,0
BRDA:129,26,1,0
BRDA:129,27,0,0
BRDA:129,27,1,0
BRDA:133,28,0,0
BRDA:133,28,1,0
BRDA:137,29,0,0
BRDA:137,29,1,0
BRDA:138,30,0,0
BRDA:138,30,1,0
BRDA:144,31,0,0
BRDA:144,31,1,0
BRDA:149,32,0,0
BRDA:149,32,1,0
BRDA:151,33,0,0
BRDA:151,33,1,0
BRDA:159,34,0,0
BRDA:159,34,1,0
BRDA:159,34,2,0
BRDA:163,35,0,0
BRDA:163,35,1,0
BRDA:167,36,0,0
BRDA:167,36,1,0
BRDA:171,37,0,0
BRDA:171,37,1,0
BRDA:176,38,0,0
BRDA:176,38,1,0
BRDA:178,39,0,0
BRDA:178,39,1,0
BRDA:183,40,0,0
BRDA:183,40,1,0
BRDA:185,41,0,0
BRDA:185,41,1,0
BRDA:192,42,0,0
BRDA:192,42,1,0
BRDA:193,43,0,0
BRDA:193,43,1,0
BRDA:194,44,0,0
BRDA:194,44,1,0
BRDA:195,45,0,0
BRDA:195,45,1,0
BRDA:196,46,0,0
BRDA:196,46,1,0
BRDA:214,47,0,0
BRDA:214,47,1,0
BRDA:216,48,0,0
BRDA:216,48,1,0
BRDA:232,49,0,0
BRDA:232,49,1,0
BRDA:235,50,0,0
BRDA:235,50,1,0
BRDA:235,50,2,0
BRDA:245,51,0,0
BRDA:245,51,1,0
BRDA:248,52,0,0
BRDA:248,52,1,0
BRDA:253,53,0,0
BRDA:253,53,1,0
BRDA:256,54,0,0
BRDA:256,54,1,0
BRDA:263,55,0,0
BRDA:263,55,1,0
BRDA:279,56,0,0
BRDA:279,56,1,0
BRDA:292,57,0,0
BRDA:292,57,1,0
BRF:122
BRH:0
end_of_record
TN:
SF:src/components/SkeletonLoader.jsx
FN:5,(anonymous_0)
FN:8,(anonymous_1)
FN:24,(anonymous_2)
FN:34,(anonymous_3)
FN:60,(anonymous_4)
FN:82,(anonymous_5)
FN:105,(anonymous_6)
FN:125,(anonymous_7)
FN:127,(anonymous_8)
FN:143,(anonymous_9)
FN:146,(anonymous_10)
FN:165,(anonymous_11)
FN:168,(anonymous_12)
FNF:13
FNH:0
FNDA:0,(anonymous_0)
FNDA:0,(anonymous_1)
FNDA:0,(anonymous_2)
FNDA:0,(anonymous_3)
FNDA:0,(anonymous_4)
FNDA:0,(anonymous_5)
FNDA:0,(anonymous_6)
FNDA:0,(anonymous_7)
FNDA:0,(anonymous_8)
FNDA:0,(anonymous_9)
FNDA:0,(anonymous_10)
FNDA:0,(anonymous_11)
FNDA:0,(anonymous_12)
DA:5,0
DA:6,0
DA:8,0
DA:9,0
DA:23,0
DA:24,0
DA:27,0
DA:34,0
DA:35,0
DA:61,0
DA:82,0
DA:83,0
DA:106,0
DA:125,0
DA:126,0
DA:128,0
DA:143,0
DA:144,0
DA:147,0
DA:165,0
DA:166,0
DA:169,0
LF:22
LH:0
BRDA:125,0,0,0
BRF:1
BRH:0
end_of_record
TN:
SF:src/constants/activity.constants.js
FNF:0
FNH:0
DA:1,0
DA:9,0
DA:36,0
DA:44,0
DA:53,0
DA:55,0
LF:6
LH:0
BRF:0
BRH:0
end_of_record
TN:
SF:src/constants/auth.constants.js
FNF:0
FNH:0
DA:1,8
DA:7,8
DA:9,8
LF:3
LH:3
BRF:0
BRH:0
end_of_record
TN:
SF:src/constants/billing.constants.js
FN:10,(anonymous_0)
FNF:1
FNH:0
FNDA:0,(anonymous_0)
DA:1,0
DA:3,0
DA:10,0
DA:11,0
LF:4
LH:0
BRDA:11,0,0,0
BRDA:11,0,1,0
BRF:2
BRH:0
end_of_record
TN:
SF:src/constants/booking.constants.js
FN:12,(anonymous_0)
FN:18,(anonymous_1)
FN:34,(anonymous_2)
FNF:3
FNH:0
FNDA:0,(anonymous_0)
FNDA:0,(anonymous_1)
FNDA:0,(anonymous_2)
DA:3,0
DA:5,0
DA:12,0
DA:13,0
DA:14,0
DA:15,0
DA:18,0
DA:19,0
DA:20,0
DA:21,0
DA:22,0
DA:23,0
DA:24,0
DA:34,0
DA:35,0
DA:38,0
DA:39,0
DA:40,0
DA:41,0
DA:42,0
DA:43,0
DA:44,0
DA:45,0
DA:49,0
DA:50,0
DA:51,0
DA:52,0
LF:27
LH:0
BRDA:13,0,0,0
BRDA:13,0,1,0
BRDA:15,1,0,0
BRDA:15,1,1,0
BRDA:19,2,0,0
BRDA:19,2,1,0
BRDA:20,3,0,0
BRDA:20,3,1,0
BRDA:23,4,0,0
BRDA:23,4,1,0
BRDA:23,5,0,0
BRDA:23,5,1,0
BRDA:35,6,0,0
BRDA:35,6,1,0
BRDA:38,7,0,0
BRDA:38,7,1,0
BRDA:40,8,0,0
BRDA:40,8,1,0
BRDA:43,9,0,0
BRDA:43,9,1,0
BRDA:44,10,0,0
BRDA:44,10,1,0
BRDA:50,11,0,0
BRDA:50,11,1,0
BRDA:51,12,0,0
BRDA:51,12,1,0
BRF:26
BRH:0
end_of_record
TN:
SF:src/constants/events.constants.js
FNF:0
FNH:0
DA:3,0
LF:1
LH:0
BRF:0
BRH:0
end_of_record
TN:
SF:src/constants/icons.constants.js
FNF:0
FNH:0
DA:11,0
LF:1
LH:0
BRF:0
BRH:0
end_of_record
TN:
SF:src/constants/navigation.constants.js
FNF:0
FNH:0
DA:1,0
LF:1
LH:0
BRF:0
BRH:0
end_of_record
TN:
SF:src/constants/performance.constants.js
FNF:0
FNH:0
DA:1,0
LF:1
LH:0
BRF:0
BRH:0
end_of_record
TN:
SF:src/context/Auth.context.js
FNF:0
FNH:0
DA:3,0
LF:1
LH:0
BRF:0
BRH:0
end_of_record
TN:
SF:src/context/BadgeContext.jsx
FN:5,(anonymous_0)
FN:11,(anonymous_1)
FNF:2
FNH:0
FNDA:0,(anonymous_0)
FNDA:0,(anonymous_1)
DA:3,0
DA:5,0
DA:6,0
DA:11,0
LF:4
LH:0
BRF:0
BRH:0
end_of_record
TN:
SF:src/context/NotificationBadge.context.jsx
FN:5,(anonymous_0)
FNF:1
FNH:1
FNDA:5,(anonymous_0)
DA:3,1
LF:1
LH:1
BRF:0
BRH:0
end_of_record
TN:
SF:src/helpers/activity.helper.js
FN:7,(anonymous_0)
FN:12,(anonymous_1)
FN:34,(anonymous_2)
FN:39,(anonymous_3)
FN:61,(anonymous_4)
FN:65,(anonymous_5)
FN:70,(anonymous_6)
FN:112,(anonymous_7)
FN:121,(anonymous_8)
FN:133,(anonymous_9)
FN:144,(anonymous_10)
FN:147,(anonymous_11)
FNF:12
FNH:0
FNDA:0,(anonymous_0)
FNDA:0,(anonymous_1)
FNDA:0,(anonymous_2)
FNDA:0,(anonymous_3)
FNDA:0,(anonymous_4)
FNDA:0,(anonymous_5)
FNDA:0,(anonymous_6)
FNDA:0,(anonymous_7)
FNDA:0,(anonymous_8)
FNDA:0,(anonymous_9)
FNDA:0,(anonymous_10)
FNDA:0,(anonymous_11)
DA:7,0
DA:8,0
DA:9,0
DA:10,0
DA:12,0
DA:13,0
DA:14,0
DA:15,0
DA:17,0
DA:18,0
DA:19,0
DA:20,0
DA:21,0
DA:22,0
DA:25,0
DA:26,0
DA:27,0
DA:34,0
DA:35,0
DA:36,0
DA:37,0
DA:39,0
DA:40,0
DA:41,0
DA:42,0
DA:43,0
DA:45,0
DA:46,0
DA:48,0
DA:51,0
DA:52,0
DA:55,0
DA:61,0
DA:62,0
DA:64,0
DA:65,0
DA:66,0
DA:67,0
DA:68,0
DA:70,0
DA:71,0
DA:72,0
DA:73,0
DA:77,0
DA:79,0
DA:81,0
DA:82,0
DA:83,0
DA:84,0
DA:87,0
DA:88,0
DA:90,0
DA:91,0
DA:92,0
DA:94,0
DA:95,0
DA:97,0
DA:98,0
DA:100,0
DA:103,0
DA:112,0
DA:113,0
DA:114,0
DA:115,0
DA:121,0
DA:122,0
DA:123,0
DA:124,0
DA:126,0
DA:133,0
DA:134,0
DA:135,0
DA:144,0
DA:145,0
DA:146,0
DA:147,0
DA:148,0
DA:149,0
LF:78
LH:0
BRDA:8,0,0,0
BRDA:8,0,1,0
BRDA:17,1,0,0
BRDA:17,1,1,0
BRDA:18,2,0,0
BRDA:18,2,1,0
BRDA:19,3,0,0
BRDA:19,3,1,0
BRDA:40,4,0,0
BRDA:40,4,1,0
BRDA:41,5,0,0
BRDA:41,5,1,0
BRDA:42,6,0,0
BRDA:42,6,1,0
BRDA:51,7,0,0
BRDA:51,7,1,0
BRDA:62,8,0,0
BRDA:62,8,1,0
BRDA:62,9,0,0
BRDA:62,9,1,0
BRDA:79,10,0,0
BRDA:79,10,1,0
BRDA:79,10,2,0
BRDA:79,10,3,0
BRDA:79,10,4,0
BRDA:79,10,5,0
BRDA:82,11,0,0
BRDA:82,11,1,0
BRDA:113,12,0,0
BRDA:113,12,1,0
BRDA:113,12,2,0
BRDA:114,13,0,0
BRDA:114,13,1,0
BRDA:114,13,2,0
BRDA:124,14,0,0
BRDA:124,14,1,0
BRDA:145,15,0,0
BRDA:145,15,1,0
BRDA:145,16,0,0
BRDA:145,16,1,0
BRDA:145,16,2,0
BRDA:148,17,0,0
BRDA:148,17,1,0
BRDA:148,17,2,0
BRF:44
BRH:0
end_of_record
TN:
SF:src/helpers/booking.helper.js
FN:4,(anonymous_0)
FN:14,(anonymous_1)
FN:24,(anonymous_2)
FN:26,(anonymous_3)
FN:31,(anonymous_4)
FN:33,(anonymous_5)
FN:36,(anonymous_6)
FN:38,(anonymous_7)
FN:43,(anonymous_8)
FN:45,(anonymous_9)
FN:48,(anonymous_10)
FN:50,(anonymous_11)
FN:53,(anonymous_12)
FN:68,(anonymous_13)
FN:107,(anonymous_14)
FN:110,(anonymous_15)
FN:132,(anonymous_16)
FN:139,(anonymous_17)
FN:144,(anonymous_18)
FNF:19
FNH:0
FNDA:0,(anonymous_0)
FNDA:0,(anonymous_1)
FNDA:0,(anonymous_2)
FNDA:0,(anonymous_3)
FNDA:0,(anonymous_4)
FNDA:0,(anonymous_5)
FNDA:0,(anonymous_6)
FNDA:0,(anonymous_7)
FNDA:0,(anonymous_8)
FNDA:0,(anonymous_9)
FNDA:0,(anonymous_10)
FNDA:0,(anonymous_11)
FNDA:0,(anonymous_12)
FNDA:0,(anonymous_13)
FNDA:0,(anonymous_14)
FNDA:0,(anonymous_15)
FNDA:0,(anonymous_16)
FNDA:0,(anonymous_17)
FNDA:0,(anonymous_18)
DA:4,0
DA:5,0
DA:6,0
DA:8,0
DA:9,0
DA:11,0
DA:14,0
DA:15,0
DA:16,0
DA:18,0
DA:19,0
DA:21,0
DA:24,0
DA:25,0
DA:26,0
DA:31,0
DA:32,0
DA:33,0
DA:36,0
DA:37,0
DA:38,0
DA:43,0
DA:44,0
DA:45,0
DA:48,0
DA:49,0
DA:50,0
DA:53,0
DA:54,0
DA:55,0
DA:68,0
DA:69,0
DA:71,0
DA:72,0
DA:75,0
DA:76,0
DA:82,0
DA:83,0
DA:84,0
DA:89,0
DA:92,0
DA:107,0
DA:108,0
DA:109,0
DA:110,0
DA:111,0
DA:113,0
DA:132,0
DA:133,0
DA:134,0
DA:136,0
DA:137,0
DA:138,0
DA:139,0
DA:143,0
DA:144,0
DA:145,0
DA:149,0
DA:150,0
DA:153,0
DA:154,0
DA:155,0
DA:158,0
DA:159,0
DA:167,0
DA:168,0
LF:66
LH:0
BRDA:5,0,0,0
BRDA:5,0,1,0
BRDA:5,1,0,0
BRDA:5,1,1,0
BRDA:8,2,0,0
BRDA:8,2,1,0
BRDA:15,3,0,0
BRDA:15,3,1,0
BRDA:15,4,0,0
BRDA:15,4,1,0
BRDA:18,5,0,0
BRDA:18,5,1,0
BRDA:26,6,0,0
BRDA:26,6,1,0
BRDA:26,7,0,0
BRDA:26,7,1,0
BRDA:33,8,0,0
BRDA:33,8,1,0
BRDA:37,9,0,0
BRDA:37,9,1,0
BRDA:44,10,0,0
BRDA:44,10,1,0
BRDA:49,11,0,0
BRDA:49,11,1,0
BRDA:54,12,0,0
BRDA:54,12,1,0
BRDA:71,13,0,0
BRDA:71,13,1,0
BRDA:71,14,0,0
BRDA:71,14,1,0
BRDA:75,15,0,0
BRDA:75,15,1,0
BRDA:82,16,0,0
BRDA:82,16,1,0
BRDA:83,17,0,0
BRDA:83,17,1,0
BRDA:108,18,0,0
BRDA:108,18,1,0
BRDA:109,19,0,0
BRDA:109,19,1,0
BRDA:110,20,0,0
BRDA:110,20,1,0
BRDA:111,21,0,0
BRDA:111,21,1,0
BRDA:111,22,0,0
BRDA:111,22,1,0
BRDA:113,23,0,0
BRDA:113,23,1,0
BRDA:132,24,0,0
BRDA:137,25,0,0
BRDA:137,25,1,0
BRDA:137,26,0,0
BRDA:137,26,1,0
BRDA:138,27,0,0
BRDA:138,27,1,0
BRDA:143,28,0,0
BRDA:143,28,1,0
BRDA:145,29,0,0
BRDA:145,29,1,0
BRDA:149,30,0,0
BRDA:149,30,1,0
BRDA:149,31,0,0
BRDA:149,31,1,0
BRDA:153,32,0,0
BRDA:153,32,1,0
BRDA:158,33,0,0
BRDA:158,33,1,0
BRF:67
BRH:0
end_of_record
TN:
SF:src/helpers/booking.navigation.helper.js
FN:9,(anonymous_0)
FN:18,(anonymous_1)
FNF:2
FNH:0
FNDA:0,(anonymous_0)
FNDA:0,(anonymous_1)
DA:9,0
DA:10,0
DA:19,0
LF:3
LH:0
BRF:0
BRH:0
end_of_record
TN:
SF:src/helpers/classSession.helper.js
FN:14,buildClassSessionGroups
FN:23,(anonymous_1)
FN:24,(anonymous_2)
FN:51,(anonymous_3)
FN:56,(anonymous_4)
FNF:5
FNH:0
FNDA:0,buildClassSessionGroups
FNDA:0,(anonymous_1)
FNDA:0,(anonymous_2)
FNDA:0,(anonymous_3)
FNDA:0,(anonymous_4)
DA:15,0
DA:16,0
DA:17,0
DA:18,0
DA:20,0
DA:21,0
DA:23,0
DA:24,0
DA:51,0
DA:52,0
DA:53,0
DA:56,0
DA:57,0
LF:13
LH:0
BRDA:15,0,0,0
BRDA:15,0,1,0
BRDA:15,0,2,0
BRDA:15,0,3,0
BRDA:24,1,0,0
BRDA:24,1,1,0
BRDA:29,2,0,0
BRDA:29,2,1,0
BRDA:31,3,0,0
BRDA:31,3,1,0
BRDA:32,4,0,0
BRDA:32,4,1,0
BRDA:34,5,0,0
BRDA:34,5,1,0
BRDA:34,6,0,0
BRDA:34,6,1,0
BRDA:36,7,0,0
BRDA:36,7,1,0
BRDA:38,8,0,0
BRDA:38,8,1,0
BRDA:38,9,0,0
BRDA:38,9,1,0
BRDA:40,10,0,0
BRDA:40,10,1,0
BRDA:43,11,0,0
BRDA:43,11,1,0
BRDA:44,12,0,0
BRDA:44,12,1,0
BRDA:45,13,0,0
BRDA:45,13,1,0
BRDA:45,13,2,0
BRDA:46,14,0,0
BRDA:46,14,1,0
BRDA:52,15,0,0
BRDA:52,15,1,0
BRF:35
BRH:0
end_of_record
TN:
SF:src/helpers/closure.helper.js
FN:31,(anonymous_0)
FN:88,(anonymous_1)
FN:93,(anonymous_2)
FN:110,(anonymous_3)
FN:115,(anonymous_4)
FN:169,(anonymous_5)
FN:221,(anonymous_6)
FN:241,(anonymous_7)
FN:260,(anonymous_8)
FN:266,(anonymous_9)
FN:274,(anonymous_10)
FN:275,(anonymous_11)
FN:280,(anonymous_12)
FN:281,(anonymous_13)
FNF:14
FNH:0
FNDA:0,(anonymous_0)
FNDA:0,(anonymous_1)
FNDA:0,(anonymous_2)
FNDA:0,(anonymous_3)
FNDA:0,(anonymous_4)
FNDA:0,(anonymous_5)
FNDA:0,(anonymous_6)
FNDA:0,(anonymous_7)
FNDA:0,(anonymous_8)
FNDA:0,(anonymous_9)
FNDA:0,(anonymous_10)
FNDA:0,(anonymous_11)
FNDA:0,(anonymous_12)
FNDA:0,(anonymous_13)
DA:31,0
DA:32,0
DA:33,0
DA:36,0
DA:37,0
DA:38,0
DA:40,0
DA:42,0
DA:45,0
DA:46,0
DA:48,0
DA:50,0
DA:53,0
DA:54,0
DA:56,0
DA:57,0
DA:60,0
DA:61,0
DA:63,0
DA:65,0
DA:66,0
DA:69,0
DA:70,0
DA:75,0
DA:88,0
DA:89,0
DA:90,0
DA:93,0
DA:94,0
DA:110,0
DA:111,0
DA:112,0
DA:115,0
DA:116,0
DA:120,0
DA:121,0
DA:124,0
DA:125,0
DA:128,0
DA:129,0
DA:131,0
DA:132,0
DA:135,0
DA:137,0
DA:138,0
DA:140,0
DA:141,0
DA:142,0
DA:144,0
DA:145,0
DA:147,0
DA:149,0
DA:151,0
DA:152,0
DA:155,0
DA:156,0
DA:164,0
DA:165,0
DA:169,0
DA:172,0
DA:173,0
DA:174,0
DA:175,0
DA:177,0
DA:178,0
DA:180,0
DA:182,0
DA:188,0
DA:190,0
DA:192,0
DA:193,0
DA:195,0
DA:198,0
DA:202,0
DA:203,0
DA:204,0
DA:208,0
DA:221,0
DA:222,0
DA:223,0
DA:227,0
DA:228,0
DA:229,0
DA:232,0
DA:233,0
DA:236,0
DA:241,0
DA:242,0
DA:260,0
DA:261,0
DA:262,0
DA:263,0
DA:264,0
DA:266,0
DA:267,0
DA:268,0
DA:269,0
DA:270,0
DA:272,0
DA:273,0
DA:274,0
DA:275,0
DA:276,0
DA:279,0
DA:280,0
DA:281,0
DA:283,0
DA:285,0
DA:287,0
LF:109
LH:0
BRDA:31,0,0,0
BRDA:32,1,0,0
BRDA:32,1,1,0
BRDA:32,2,0,0
BRDA:32,2,1,0
BRDA:32,2,2,0
BRDA:42,3,0,0
BRDA:42,3,1,0
BRDA:45,4,0,0
BRDA:45,4,1,0
BRDA:46,5,0,0
BRDA:46,5,1,0
BRDA:48,6,0,0
BRDA:48,6,1,0
BRDA:50,7,0,0
BRDA:50,7,1,0
BRDA:53,8,0,0
BRDA:53,8,1,0
BRDA:54,9,0,0
BRDA:54,9,1,0
BRDA:60,10,0,0
BRDA:60,10,1,0
BRDA:60,11,0,0
BRDA:60,11,1,0
BRDA:63,12,0,0
BRDA:63,12,1,0
BRDA:69,13,0,0
BRDA:69,13,1,0
BRDA:69,14,0,0
BRDA:69,14,1,0
BRDA:88,15,0,0
BRDA:89,16,0,0
BRDA:89,16,1,0
BRDA:89,17,0,0
BRDA:89,17,1,0
BRDA:110,18,0,0
BRDA:110,19,0,0
BRDA:111,20,0,0
BRDA:111,20,1,0
BRDA:111,21,0,0
BRDA:111,21,1,0
BRDA:111,21,2,0
BRDA:116,22,0,0
BRDA:116,22,1,0
BRDA:117,23,0,0
BRDA:117,23,1,0
BRDA:120,24,0,0
BRDA:120,24,1,0
BRDA:128,25,0,0
BRDA:128,25,1,0
BRDA:129,26,0,0
BRDA:129,26,1,0
BRDA:138,27,0,0
BRDA:138,27,1,0
BRDA:140,28,0,0
BRDA:140,28,1,0
BRDA:141,29,0,0
BRDA:141,29,1,0
BRDA:142,30,0,0
BRDA:142,30,1,0
BRDA:149,31,0,0
BRDA:149,31,1,0
BRDA:155,32,0,0
BRDA:155,32,1,0
BRDA:155,33,0,0
BRDA:155,33,1,0
BRDA:157,34,0,0
BRDA:157,34,1,0
BRDA:158,35,0,0
BRDA:158,35,1,0
BRDA:164,36,0,0
BRDA:164,36,1,0
BRDA:174,37,0,0
BRDA:174,37,1,0
BRDA:178,38,0,0
BRDA:178,38,1,0
BRDA:180,39,0,0
BRDA:180,39,1,0
BRDA:193,40,0,0
BRDA:193,40,1,0
BRDA:198,41,0,0
BRDA:198,41,1,0
BRDA:203,42,0,0
BRDA:203,42,1,0
BRDA:221,43,0,0
BRDA:222,44,0,0
BRDA:222,44,1,0
BRDA:222,45,0,0
BRDA:222,45,1,0
BRDA:222,45,2,0
BRDA:228,46,0,0
BRDA:228,46,1,0
BRDA:229,47,0,0
BRDA:229,47,1,0
BRDA:232,48,0,0
BRDA:232,48,1,0
BRDA:237,49,0,0
BRDA:237,49,1,0
BRDA:238,50,0,0
BRDA:238,50,1,0
BRDA:260,51,0,0
BRDA:263,52,0,0
BRDA:263,52,1,0
BRDA:263,53,0,0
BRDA:263,53,1,0
BRDA:263,53,2,0
BRDA:264,54,0,0
BRDA:264,54,1,0
BRDA:264,55,0,0
BRDA:264,55,1,0
BRDA:267,56,0,0
BRDA:267,56,1,0
BRDA:268,57,0,0
BRDA:268,57,1,0
BRDA:269,58,0,0
BRDA:269,58,1,0
BRDA:272,59,0,0
BRDA:272,59,1,0
BRDA:276,60,0,0
BRDA:276,60,1,0
BRDA:279,61,0,0
BRDA:279,61,1,0
BRDA:279,62,0,0
BRDA:279,62,1,0
BRDA:285,63,0,0
BRDA:285,63,1,0
BRF:126
BRH:0
end_of_record
TN:
SF:src/helpers/date.helper.js
FN:1,(anonymous_0)
FN:3,(anonymous_1)
FN:10,(anonymous_2)
FN:19,(anonymous_3)
FN:20,(anonymous_4)
FN:39,(anonymous_5)
FNF:6
FNH:0
FNDA:0,(anonymous_0)
FNDA:0,(anonymous_1)
FNDA:0,(anonymous_2)
FNDA:0,(anonymous_3)
FNDA:0,(anonymous_4)
FNDA:0,(anonymous_5)
DA:1,0
DA:3,0
DA:4,0
DA:5,0
DA:6,0
DA:7,0
DA:10,0
DA:11,0
DA:12,0
DA:13,0
DA:16,0
DA:17,0
DA:19,0
DA:20,0
DA:21,0
DA:22,0
DA:23,0
DA:39,0
DA:40,0
DA:41,0
DA:42,0
DA:43,0
DA:44,0
DA:45,0
DA:46,0
DA:47,0
DA:48,0
DA:49,0
DA:50,0
DA:51,0
LF:30
LH:0
BRDA:40,0,0,0
BRDA:40,0,1,0
BRDA:45,1,0,0
BRDA:45,1,1,0
BRDA:46,2,0,0
BRDA:46,2,1,0
BRDA:48,3,0,0
BRDA:48,3,1,0
BRDA:50,4,0,0
BRDA:50,4,1,0
BRF:10
BRH:0
end_of_record
TN:
SF:src/helpers/error.helper.js
FN:9,(anonymous_0)
FNF:1
FNH:0
FNDA:0,(anonymous_0)
DA:9,0
DA:11,0
DA:16,0
DA:17,0
DA:18,0
DA:19,0
DA:20,0
DA:23,0
LF:8
LH:0
BRDA:9,0,0,0
BRDA:11,1,0,0
BRDA:11,1,1,0
BRDA:11,1,2,0
BRDA:11,1,3,0
BRDA:17,2,0,0
BRDA:17,2,1,0
BRDA:17,3,0,0
BRDA:17,3,1,0
BRDA:19,4,0,0
BRDA:19,4,1,0
BRDA:19,5,0,0
BRDA:19,5,1,0
BRF:13
BRH:0
end_of_record
TN:
SF:src/helpers/image.helper.js
FN:17,(anonymous_0)
FN:60,(anonymous_1)
FNF:2
FNH:0
FNDA:0,(anonymous_0)
FNDA:0,(anonymous_1)
DA:17,0
DA:18,0
DA:19,0
DA:20,0
DA:22,0
DA:23,0
DA:25,0
DA:26,0
DA:33,0
DA:34,0
DA:40,0
DA:42,0
DA:48,0
DA:49,0
DA:60,0
DA:61,0
DA:64,0
DA:66,0
DA:68,0
DA:70,0
DA:72,0
DA:74,0
DA:76,0
DA:78,0
DA:80,0
LF:25
LH:0
BRDA:17,0,0,0
BRDA:18,1,0,0
BRDA:18,1,1,0
BRDA:18,1,2,0
BRDA:20,2,0,0
BRDA:20,2,1,0
BRDA:22,3,0,0
BRDA:22,3,1,0
BRDA:22,3,2,0
BRDA:22,3,3,0
BRDA:23,4,0,0
BRDA:23,4,1,0
BRDA:25,5,0,0
BRDA:25,5,1,0
BRDA:25,6,0,0
BRDA:25,6,1,0
BRDA:29,7,0,0
BRDA:29,7,1,0
BRDA:52,8,0,0
BRDA:52,8,1,0
BRDA:61,9,0,0
BRDA:61,9,1,0
BRDA:61,9,2,0
BRDA:61,9,3,0
BRDA:61,9,4,0
BRDA:61,9,5,0
BRDA:61,9,6,0
BRDA:61,9,7,0
BRDA:61,9,8,0
BRDA:61,9,9,0
BRF:30
BRH:0
end_of_record
TN:
SF:src/helpers/logger.helper.js
FN:11,(anonymous_0)
FNF:1
FNH:0
FNDA:0,(anonymous_0)
DA:11,0
DA:13,0
LF:2
LH:0
BRDA:14,0,0,0
BRDA:14,0,1,0
BRDA:15,1,0,0
BRDA:15,1,1,0
BRDA:16,2,0,0
BRDA:16,2,1,0
BRF:6
BRH:0
end_of_record
TN:
SF:src/helpers/media.helper.js
FN:10,(anonymous_0)
FN:33,(anonymous_1)
FN:68,(anonymous_2)
FN:83,(anonymous_3)
FNF:4
FNH:0
FNDA:0,(anonymous_0)
FNDA:0,(anonymous_1)
FNDA:0,(anonymous_2)
FNDA:0,(anonymous_3)
DA:10,0
DA:11,0
DA:12,0
DA:14,0
DA:15,0
DA:16,0
DA:33,0
DA:34,0
DA:37,0
DA:39,0
DA:40,0
DA:41,0
DA:44,0
DA:47,0
DA:48,0
DA:49,0
DA:50,0
DA:51,0
DA:57,0
DA:68,0
DA:69,0
DA:83,0
DA:84,0
DA:85,0
DA:87,0
DA:89,0
DA:90,0
DA:91,0
DA:93,0
LF:29
LH:0
BRDA:11,0,0,0
BRDA:11,0,1,0
BRDA:11,1,0,0
BRDA:11,1,1,0
BRDA:11,1,2,0
BRDA:15,2,0,0
BRDA:15,2,1,0
BRDA:16,3,0,0
BRDA:16,3,1,0
BRDA:16,3,2,0
BRDA:16,3,3,0
BRDA:34,4,0,0
BRDA:34,4,1,0
BRDA:37,5,0,0
BRDA:37,5,1,0
BRDA:44,6,0,0
BRDA:44,6,1,0
BRDA:47,7,0,0
BRDA:47,7,1,0
BRDA:47,8,0,0
BRDA:47,8,1,0
BRDA:69,9,0,0
BRDA:69,9,1,0
BRDA:85,10,0,0
BRDA:85,10,1,0
BRDA:87,11,0,0
BRDA:87,11,1,0
BRDA:90,12,0,0
BRDA:90,12,1,0
BRDA:91,13,0,0
BRDA:91,13,1,0
BRDA:93,14,0,0
BRDA:93,14,1,0
BRF:33
BRH:0
end_of_record
TN:
SF:src/helpers/membership.helper.js
FN:9,(anonymous_0)
FN:25,(anonymous_1)
FN:31,(anonymous_2)
FN:49,(anonymous_3)
FN:63,(anonymous_4)
FN:94,(anonymous_5)
FN:113,(anonymous_6)
FN:130,(anonymous_7)
FNF:8
FNH:0
FNDA:0,(anonymous_0)
FNDA:0,(anonymous_1)
FNDA:0,(anonymous_2)
FNDA:0,(anonymous_3)
FNDA:0,(anonymous_4)
FNDA:0,(anonymous_5)
FNDA:0,(anonymous_6)
FNDA:0,(anonymous_7)
DA:9,0
DA:10,0
DA:11,0
DA:12,0
DA:13,0
DA:14,0
DA:25,0
DA:26,0
DA:27,0
DA:28,0
DA:30,0
DA:31,0
DA:32,0
DA:33,0
DA:34,0
DA:40,0
DA:49,0
DA:50,0
DA:51,0
DA:52,0
DA:53,0
DA:54,0
DA:63,0
DA:64,0
DA:65,0
DA:68,0
DA:69,0
DA:71,0
DA:78,0
DA:79,0
DA:81,0
DA:82,0
DA:83,0
DA:84,0
DA:85,0
DA:86,0
DA:90,0
DA:91,0
DA:94,0
DA:95,0
DA:96,0
DA:99,0
DA:100,0
DA:103,0
DA:113,0
DA:114,0
DA:115,0
DA:116,0
DA:117,0
DA:118,0
DA:119,0
DA:120,0
DA:122,0
DA:130,0
DA:131,0
LF:55
LH:0
BRDA:10,0,0,0
BRDA:10,0,1,0
BRDA:11,1,0,0
BRDA:11,1,1,0
BRDA:12,2,0,0
BRDA:12,2,1,0
BRDA:12,2,2,0
BRDA:13,3,0,0
BRDA:13,3,1,0
BRDA:14,4,0,0
BRDA:14,4,1,0
BRDA:14,4,2,0
BRDA:14,4,3,0
BRDA:14,4,4,0
BRDA:26,5,0,0
BRDA:26,5,1,0
BRDA:27,6,0,0
BRDA:27,6,1,0
BRDA:28,7,0,0
BRDA:28,7,1,0
BRDA:32,8,0,0
BRDA:32,8,1,0
BRDA:33,9,0,0
BRDA:33,9,1,0
BRDA:35,10,0,0
BRDA:35,10,1,0
BRDA:36,11,0,0
BRDA:36,11,1,0
BRDA:40,12,0,0
BRDA:40,12,1,0
BRDA:50,13,0,0
BRDA:50,13,1,0
BRDA:52,14,0,0
BRDA:52,14,1,0
BRDA:53,15,0,0
BRDA:53,15,1,0
BRDA:54,16,0,0
BRDA:54,16,1,0
BRDA:64,17,0,0
BRDA:64,17,1,0
BRDA:68,18,0,0
BRDA:68,18,1,0
BRDA:81,19,0,0
BRDA:81,19,1,0
BRDA:82,20,0,0
BRDA:82,20,1,0
BRDA:82,21,0,0
BRDA:82,21,1,0
BRDA:84,22,0,0
BRDA:84,22,1,0
BRDA:90,23,0,0
BRDA:90,23,1,0
BRDA:94,24,0,0
BRDA:94,24,1,0
BRDA:95,25,0,0
BRDA:95,25,1,0
BRDA:99,26,0,0
BRDA:99,26,1,0
BRDA:99,27,0,0
BRDA:99,27,1,0
BRDA:99,27,2,0
BRDA:114,28,0,0
BRDA:114,28,1,0
BRDA:114,29,0,0
BRDA:114,29,1,0
BRDA:116,30,0,0
BRDA:116,30,1,0
BRF:67
BRH:0
end_of_record
TN:
SF:src/helpers/navigation.helper.js
FN:5,(anonymous_0)
FN:19,(anonymous_1)
FN:19,(anonymous_2)
FN:20,(anonymous_3)
FN:22,(anonymous_4)
FNF:5
FNH:0
FNDA:0,(anonymous_0)
FNDA:0,(anonymous_1)
FNDA:0,(anonymous_2)
FNDA:0,(anonymous_3)
FNDA:0,(anonymous_4)
DA:3,0
DA:5,0
DA:6,0
DA:7,0
DA:19,0
DA:21,0
DA:22,0
DA:23,0
DA:25,0
DA:26,0
DA:27,0
LF:11
LH:0
BRDA:6,0,0,0
BRDA:6,0,1,0
BRDA:25,1,0,0
BRDA:25,1,1,0
BRF:4
BRH:0
end_of_record
TN:
SF:src/helpers/normalizers.helper.js
FN:4,(anonymous_0)
FNF:1
FNH:0
FNDA:0,(anonymous_0)
DA:4,0
DA:5,0
DA:6,0
LF:3
LH:0
BRDA:5,0,0,0
BRDA:5,0,1,0
BRDA:6,1,0,0
BRDA:6,1,1,0
BRF:4
BRH:0
end_of_record
TN:
SF:src/helpers/pricing.helper.js
FN:20,(anonymous_0)
FN:40,(anonymous_1)
FN:60,(anonymous_2)
FN:76,(anonymous_3)
FNF:4
FNH:0
FNDA:0,(anonymous_0)
FNDA:0,(anonymous_1)
FNDA:0,(anonymous_2)
FNDA:0,(anonymous_3)
DA:20,0
DA:21,0
DA:22,0
DA:25,0
DA:28,0
DA:40,0
DA:44,0
DA:50,0
DA:60,0
DA:61,0
DA:76,0
DA:85,0
DA:86,0
DA:87,0
DA:88,0
DA:89,0
DA:92,0
DA:94,0
DA:97,0
DA:99,0
LF:20
LH:0
BRDA:20,0,0,0
BRDA:21,1,0,0
BRDA:21,1,1,0
BRDA:22,2,0,0
BRDA:22,2,1,0
BRDA:22,3,0,0
BRDA:22,3,1,0
BRDA:25,4,0,0
BRDA:25,4,1,0
BRDA:25,5,0,0
BRDA:25,5,1,0
BRDA:42,6,0,0
BRDA:42,7,0,0
BRDA:42,8,0,0
BRDA:50,9,0,0
BRDA:50,9,1,0
BRDA:60,10,0,0
BRDA:78,11,0,0
BRDA:79,12,0,0
BRDA:80,13,0,0
BRDA:81,14,0,0
BRDA:82,15,0,0
BRDA:85,16,0,0
BRDA:85,16,1,0
BRDA:85,17,0,0
BRDA:85,17,1,0
BRDA:87,18,0,0
BRDA:87,18,1,0
BRDA:87,19,0,0
BRDA:87,19,1,0
BRDA:88,20,0,0
BRDA:88,20,1,0
BRDA:88,21,0,0
BRDA:88,21,1,0
BRDA:94,22,0,0
BRDA:94,22,1,0
BRDA:97,23,0,0
BRDA:97,23,1,0
BRDA:104,24,0,0
BRDA:104,24,1,0
BRDA:107,25,0,0
BRDA:107,25,1,0
BRF:42
BRH:0
end_of_record
TN:
SF:src/helpers/report.helper.js
FN:8,(anonymous_0)
FN:14,(anonymous_1)
FN:17,(anonymous_2)
FNF:3
FNH:0
FNDA:0,(anonymous_0)
FNDA:0,(anonymous_1)
FNDA:0,(anonymous_2)
DA:8,0
DA:9,0
DA:12,0
DA:13,0
DA:14,0
DA:16,0
DA:17,0
DA:18,0
DA:21,0
DA:23,0
DA:27,0
DA:30,0
DA:32,0
LF:13
LH:0
BRDA:9,0,0,0
BRDA:9,0,1,0
BRDA:9,1,0,0
BRDA:9,1,1,0
BRDA:13,2,0,0
BRDA:13,2,1,0
BRDA:14,3,0,0
BRDA:14,3,1,0
BRDA:18,4,0,0
BRDA:18,4,1,0
BRDA:23,5,0,0
BRDA:23,5,1,0
BRDA:23,6,0,0
BRDA:23,6,1,0
BRDA:27,7,0,0
BRDA:27,7,1,0
BRDA:27,8,0,0
BRDA:27,8,1,0
BRDA:30,9,0,0
BRDA:30,9,1,0
BRDA:33,10,0,0
BRDA:33,10,1,0
BRF:22
BRH:0
end_of_record
TN:
SF:src/helpers/storage.helper.js
FN:9,(anonymous_0)
FN:14,(anonymous_1)
FN:20,(anonymous_2)
FN:25,(anonymous_3)
FN:32,(anonymous_4)
FN:37,(anonymous_5)
FN:41,(anonymous_6)
FN:46,(anonymous_7)
FN:52,(anonymous_8)
FN:57,(anonymous_9)
FN:61,(anonymous_10)
FN:65,(anonymous_11)
FN:69,(anonymous_12)
FN:76,(anonymous_13)
FN:81,(anonymous_14)
FN:85,(anonymous_15)
FN:92,(anonymous_16)
FN:97,(anonymous_17)
FNF:18
FNH:10
FNDA:3,(anonymous_0)
FNDA:8,(anonymous_1)
FNDA:2,(anonymous_2)
FNDA:0,(anonymous_3)
FNDA:0,(anonymous_4)
FNDA:1,(anonymous_5)
FNDA:3,(anonymous_6)
FNDA:3,(anonymous_7)
FNDA:2,(anonymous_8)
FNDA:0,(anonymous_9)
FNDA:0,(anonymous_10)
FNDA:1,(anonymous_11)
FNDA:0,(anonymous_12)
FNDA:0,(anonymous_13)
FNDA:1,(anonymous_14)
FNDA:0,(anonymous_15)
FNDA:0,(anonymous_16)
FNDA:1,(anonymous_17)
DA:6,8
DA:7,8
DA:9,8
DA:10,3
DA:11,3
DA:14,8
DA:15,8
DA:16,5
DA:17,5
DA:20,8
DA:21,2
DA:22,2
DA:25,8
DA:26,0
DA:32,8
DA:33,0
DA:34,0
DA:37,8
DA:38,1
DA:41,8
DA:42,3
DA:43,3
DA:46,8
DA:47,3
DA:48,2
DA:49,2
DA:52,8
DA:53,2
DA:54,2
DA:57,8
DA:58,0
DA:61,8
DA:62,0
DA:65,8
DA:66,1
DA:69,8
DA:70,0
DA:76,8
DA:77,0
DA:78,0
DA:81,8
DA:82,1
DA:85,8
DA:86,0
DA:92,8
DA:93,0
DA:94,0
DA:97,8
DA:98,1
DA:99,1
DA:100,1
LF:51
LH:40
BRDA:15,0,0,3
BRDA:15,0,1,5
BRDA:16,1,0,5
BRDA:16,1,1,3
BRDA:34,2,0,0
BRDA:34,2,1,0
BRDA:47,3,0,1
BRDA:47,3,1,2
BRDA:48,4,0,2
BRDA:48,4,1,2
BRDA:78,5,0,0
BRDA:78,5,1,0
BRDA:94,6,0,0
BRDA:94,6,1,0
BRF:14
BRH:8
end_of_record
TN:
SF:src/helpers/timezone.helper.js
FN:17,(anonymous_0)
FN:40,(anonymous_1)
FN:44,(anonymous_2)
FN:59,(anonymous_3)
FN:79,(anonymous_4)
FN:104,(anonymous_5)
FN:132,(anonymous_6)
FN:167,(anonymous_7)
FN:181,(anonymous_8)
FN:202,(anonymous_9)
FN:214,(anonymous_10)
FN:228,(anonymous_11)
FN:261,(anonymous_12)
FN:283,(anonymous_13)
FN:307,(anonymous_14)
FN:315,(anonymous_15)
FNF:16
FNH:0
FNDA:0,(anonymous_0)
FNDA:0,(anonymous_1)
FNDA:0,(anonymous_2)
FNDA:0,(anonymous_3)
FNDA:0,(anonymous_4)
FNDA:0,(anonymous_5)
FNDA:0,(anonymous_6)
FNDA:0,(anonymous_7)
FNDA:0,(anonymous_8)
FNDA:0,(anonymous_9)
FNDA:0,(anonymous_10)
FNDA:0,(anonymous_11)
FNDA:0,(anonymous_12)
FNDA:0,(anonymous_13)
FNDA:0,(anonymous_14)
FNDA:0,(anonymous_15)
DA:16,0
DA:17,0
DA:18,0
DA:19,0
DA:20,0
DA:22,0
DA:29,0
DA:40,0
DA:41,0
DA:43,0
DA:44,0
DA:45,0
DA:47,0
DA:50,0
DA:51,0
DA:52,0
DA:53,0
DA:59,0
DA:60,0
DA:61,0
DA:62,0
DA:63,0
DA:79,0
DA:80,0
DA:83,0
DA:84,0
DA:85,0
DA:86,0
DA:87,0
DA:88,0
DA:91,0
DA:92,0
DA:93,0
DA:95,0
DA:100,0
DA:104,0
DA:105,0
DA:107,0
DA:108,0
DA:109,0
DA:111,0
DA:116,0
DA:132,0
DA:133,0
DA:135,0
DA:136,0
DA:137,0
DA:139,0
DA:140,0
DA:141,0
DA:142,0
DA:145,0
DA:146,0
DA:148,0
DA:150,0
DA:151,0
DA:154,0
DA:156,0
DA:167,0
DA:168,0
DA:169,0
DA:170,0
DA:171,0
DA:181,0
DA:182,0
DA:184,0
DA:185,0
DA:187,0
DA:193,0
DA:202,0
DA:203,0
DA:204,0
DA:214,0
DA:215,0
DA:216,0
DA:217,0
DA:228,0
DA:229,0
DA:230,0
DA:231,0
DA:232,0
DA:234,0
DA:235,0
DA:236,0
DA:237,0
DA:238,0
DA:239,0
DA:240,0
DA:242,0
DA:250,0
DA:261,0
DA:262,0
DA:263,0
DA:264,0
DA:266,0
DA:272,0
DA:283,0
DA:284,0
DA:285,0
DA:286,0
DA:288,0
DA:290,0
DA:297,0
DA:299,0
DA:307,0
DA:308,0
DA:309,0
DA:315,0
DA:316,0
LF:109
LH:0
BRDA:19,0,0,0
BRDA:19,0,1,0
BRDA:60,1,0,0
BRDA:60,1,1,0
BRDA:61,2,0,0
BRDA:61,2,1,0
BRDA:62,3,0,0
BRDA:62,3,1,0
BRDA:80,4,0,0
BRDA:80,4,1,0
BRDA:83,5,0,0
BRDA:83,5,1,0
BRDA:83,6,0,0
BRDA:83,6,1,0
BRDA:85,7,0,0
BRDA:85,7,1,0
BRDA:85,8,0,0
BRDA:85,8,1,0
BRDA:86,9,0,0
BRDA:86,9,1,0
BRDA:87,10,0,0
BRDA:87,10,1,0
BRDA:93,11,0,0
BRDA:93,11,1,0
BRDA:105,12,0,0
BRDA:105,12,1,0
BRDA:109,13,0,0
BRDA:109,13,1,0
BRDA:132,14,0,0
BRDA:133,15,0,0
BRDA:133,15,1,0
BRDA:137,16,0,0
BRDA:137,16,1,0
BRDA:145,17,0,0
BRDA:145,17,1,0
BRDA:148,18,0,0
BRDA:148,18,1,0
BRDA:148,18,2,0
BRDA:150,19,0,0
BRDA:150,19,1,0
BRDA:168,20,0,0
BRDA:168,20,1,0
BRDA:182,21,0,0
BRDA:182,21,1,0
BRDA:185,22,0,0
BRDA:185,22,1,0
BRDA:214,23,0,0
BRDA:228,24,0,0
BRDA:240,25,0,0
BRDA:240,25,1,0
BRDA:262,26,0,0
BRDA:262,26,1,0
BRDA:264,27,0,0
BRDA:264,27,1,0
BRDA:284,28,0,0
BRDA:284,28,1,0
BRDA:286,29,0,0
BRDA:286,29,1,0
BRF:58
BRH:0
end_of_record
TN:
SF:src/helpers/video.helper.js
FN:15,(anonymous_0)
FNF:1
FNH:0
FNDA:0,(anonymous_0)
DA:3,0
DA:8,0
DA:15,0
DA:16,0
DA:17,0
DA:18,0
LF:6
LH:0
BRF:0
BRH:0
end_of_record
TN:
SF:src/hooks/useActivityBadge.js
FN:13,useActivityBadge
FN:18,(anonymous_1)
FN:51,(anonymous_2)
FN:54,(anonymous_3)
FN:57,(anonymous_4)
FNF:5
FNH:0
FNDA:0,useActivityBadge
FNDA:0,(anonymous_1)
FNDA:0,(anonymous_2)
FNDA:0,(anonymous_3)
FNDA:0,(anonymous_4)
DA:6,0
DA:14,0
DA:15,0
DA:16,0
DA:18,0
DA:19,0
DA:20,0
DA:21,0
DA:26,0
DA:28,0
DA:29,0
DA:34,0
DA:36,0
DA:37,0
DA:40,0
DA:44,0
DA:47,0
DA:51,0
DA:52,0
DA:53,0
DA:54,0
DA:57,0
DA:58,0
DA:61,0
DA:62,0
DA:65,0
LF:26
LH:0
BRDA:19,0,0,0
BRDA:19,0,1,0
BRDA:19,1,0,0
BRDA:19,1,1,0
BRDA:26,2,0,0
BRDA:26,2,1,0
BRDA:34,3,0,0
BRDA:34,3,1,0
BRDA:40,4,0,0
BRDA:40,4,1,0
BRDA:42,5,0,0
BRDA:42,5,1,0
BRF:12
BRH:0
end_of_record
TN:
SF:src/hooks/useAuth.js
FN:4,(anonymous_0)
FNF:1
FNH:0
FNDA:0,(anonymous_0)
DA:4,0
DA:5,0
DA:6,0
DA:7,0
DA:9,0
LF:5
LH:0
BRDA:6,0,0,0
BRDA:6,0,1,0
BRF:2
BRH:0
end_of_record
TN:
SF:src/hooks/useEcommerceConfig.js
FN:11,(anonymous_0)
FN:18,(anonymous_1)
FN:20,(anonymous_2)
FN:41,(anonymous_3)
FNF:4
FNH:0
FNDA:0,(anonymous_0)
FNDA:0,(anonymous_1)
FNDA:0,(anonymous_2)
FNDA:0,(anonymous_3)
DA:11,0
DA:12,0
DA:13,0
DA:14,0
DA:15,0
DA:16,0
DA:18,0
DA:19,0
DA:20,0
DA:21,0
DA:22,0
DA:23,0
DA:24,0
DA:25,0
DA:26,0
DA:27,0
DA:29,0
DA:30,0
DA:31,0
DA:32,0
DA:33,0
DA:38,0
DA:41,0
DA:44,0
LF:24
LH:0
BRDA:23,0,0,0
BRDA:23,0,1,0
BRDA:26,1,0,0
BRDA:26,1,1,0
BRDA:27,2,0,0
BRDA:27,2,1,0
BRDA:31,3,0,0
BRDA:31,3,1,0
BRDA:31,4,0,0
BRDA:31,4,1,0
BRDA:38,5,0,0
BRDA:38,5,1,0
BRF:12
BRH:0
end_of_record
TN:
SF:src/hooks/usePushNotifications.js
FN:12,(anonymous_0)
FN:19,(anonymous_1)
FN:25,(anonymous_2)
FN:61,(anonymous_3)
FN:73,(anonymous_4)
FN:75,(anonymous_5)
FN:80,(anonymous_6)
FN:95,(anonymous_7)
FNF:8
FNH:0
FNDA:0,(anonymous_0)
FNDA:0,(anonymous_1)
FNDA:0,(anonymous_2)
FNDA:0,(anonymous_3)
FNDA:0,(anonymous_4)
FNDA:0,(anonymous_5)
FNDA:0,(anonymous_6)
FNDA:0,(anonymous_7)
DA:11,0
DA:12,0
DA:19,0
DA:20,0
DA:21,0
DA:22,0
DA:23,0
DA:25,0
DA:26,0
DA:27,0
DA:28,0
DA:32,0
DA:33,0
DA:35,0
DA:36,0
DA:37,0
DA:40,0
DA:41,0
DA:42,0
DA:45,0
DA:46,0
DA:50,0
DA:51,0
DA:58,0
DA:61,0
DA:62,0
DA:63,0
DA:64,0
DA:65,0
DA:66,0
DA:69,0
DA:73,0
DA:74,0
DA:76,0
DA:79,0
DA:81,0
DA:82,0
DA:83,0
DA:89,0
DA:90,0
DA:91,0
DA:95,0
DA:96,0
DA:97,0
DA:99,0
DA:100,0
DA:105,0
LF:47
LH:0
BRDA:26,0,0,0
BRDA:26,0,1,0
BRDA:35,1,0,0
BRDA:35,1,1,0
BRDA:40,2,0,0
BRDA:40,2,1,0
BRDA:50,3,0,0
BRDA:50,3,1,0
BRDA:64,4,0,0
BRDA:64,4,1,0
BRDA:82,5,0,0
BRDA:82,5,1,0
BRDA:89,6,0,0
BRDA:89,6,1,0
BRDA:90,7,0,0
BRDA:90,7,1,0
BRDA:96,8,0,0
BRDA:96,8,1,0
BRDA:99,9,0,0
BRDA:99,9,1,0
BRF:20
BRH:0
end_of_record
TN:
SF:src/hooks/useUnreadNotifications.js
FN:5,(anonymous_0)
FN:10,(anonymous_1)
FN:12,(anonymous_2)
FNF:3
FNH:2
FNDA:5,(anonymous_0)
FNDA:5,(anonymous_1)
FNDA:0,(anonymous_2)
DA:5,1
DA:6,5
DA:7,5
DA:10,5
DA:11,5
DA:12,5
DA:13,5
DA:16,5
LF:8
LH:8
BRF:0
BRH:0
end_of_record
TN:
SF:src/navigation/AdminScheduleStack.jsx
FN:16,(anonymous_0)
FNF:1
FNH:0
FNDA:0,(anonymous_0)
DA:14,0
DA:16,0
DA:17,0
LF:3
LH:0
BRF:0
BRH:0
end_of_record
TN:
SF:src/navigation/AdminTabNavigator.jsx
FN:21,(anonymous_0)
FN:33,(anonymous_1)
FNF:2
FNH:0
FNDA:0,(anonymous_0)
FNDA:0,(anonymous_1)
DA:12,0
DA:14,0
DA:21,0
DA:22,0
DA:33,0
LF:5
LH:0
BRF:0
BRH:0
end_of_record
TN:
SF:src/navigation/ClientHomeStack.jsx
FN:21,(anonymous_0)
FNF:1
FNH:0
FNDA:0,(anonymous_0)
DA:19,0
DA:21,0
DA:22,0
LF:3
LH:0
BRF:0
BRH:0
end_of_record
TN:
SF:src/navigation/ClientProgressStack.jsx
FN:11,(anonymous_0)
FNF:1
FNH:0
FNDA:0,(anonymous_0)
DA:9,0
DA:11,0
DA:12,0
LF:3
LH:0
BRF:0
BRH:0
end_of_record
TN:
SF:src/navigation/ClientTabNavigator.jsx
FN:25,(anonymous_0)
FN:28,(anonymous_1)
FN:42,(anonymous_2)
FN:60,(anonymous_3)
FNF:4
FNH:0
FNDA:0,(anonymous_0)
FNDA:0,(anonymous_1)
FNDA:0,(anonymous_2)
FNDA:0,(anonymous_3)
DA:15,0
DA:17,0
DA:25,0
DA:26,0
DA:28,0
DA:30,0
DA:42,0
DA:61,0
LF:8
LH:0
BRF:0
BRH:0
end_of_record
TN:
SF:src/navigation/CoachClientsStack.jsx
FN:18,(anonymous_0)
FNF:1
FNH:0
FNDA:0,(anonymous_0)
DA:16,0
DA:18,0
DA:19,0
LF:3
LH:0
BRF:0
BRH:0
end_of_record
TN:
SF:src/navigation/CoachScheduleStack.jsx
FN:16,(anonymous_0)
FNF:1
FNH:0
FNDA:0,(anonymous_0)
DA:14,0
DA:16,0
DA:17,0
LF:3
LH:0
BRF:0
BRH:0
end_of_record
TN:
SF:src/navigation/CoachTabNavigator.jsx
FN:21,(anonymous_0)
FN:33,(anonymous_1)
FNF:2
FNH:0
FNDA:0,(anonymous_0)
FNDA:0,(anonymous_1)
DA:12,0
DA:14,0
DA:21,0
DA:22,0
DA:33,0
LF:5
LH:0
BRF:0
BRH:0
end_of_record
TN:
SF:src/navigation/RootNavigator.jsx
FN:26,(anonymous_0)
FN:30,(anonymous_1)
FNF:2
FNH:0
FNDA:0,(anonymous_0)
FNDA:0,(anonymous_1)
DA:24,0
DA:26,0
DA:27,0
DA:28,0
DA:30,0
DA:31,0
DA:32,0
DA:36,0
DA:37,0
DA:51,0
DA:52,0
DA:53,0
DA:55,0
LF:13
LH:0
BRDA:31,0,0,0
BRDA:31,0,1,0
BRDA:36,1,0,0
BRDA:36,1,1,0
BRDA:53,2,0,0
BRDA:53,2,1,0
BRDA:57,3,0,0
BRDA:57,3,1,0
BRDA:65,4,0,0
BRDA:65,4,1,0
BRDA:70,5,0,0
BRDA:70,5,1,0
BRF:12
BRH:0
end_of_record
TN:
SF:src/providers/AuthProvider.jsx
FN:23,(anonymous_0)
FN:26,(anonymous_1)
FN:28,(anonymous_2)
FN:29,(anonymous_3)
FN:35,(anonymous_4)
FN:37,(anonymous_5)
FN:38,(anonymous_6)
FN:43,(anonymous_7)
FN:54,(anonymous_8)
FN:103,(anonymous_9)
FN:107,(anonymous_10)
FN:143,(anonymous_11)
FN:171,(anonymous_12)
FN:176,(anonymous_13)
FN:196,(anonymous_14)
FN:200,(anonymous_15)
FNF:16
FNH:0
FNDA:0,(anonymous_0)
FNDA:0,(anonymous_1)
FNDA:0,(anonymous_2)
FNDA:0,(anonymous_3)
FNDA:0,(anonymous_4)
FNDA:0,(anonymous_5)
FNDA:0,(anonymous_6)
FNDA:0,(anonymous_7)
FNDA:0,(anonymous_8)
FNDA:0,(anonymous_9)
FNDA:0,(anonymous_10)
FNDA:0,(anonymous_11)
FNDA:0,(anonymous_12)
FNDA:0,(anonymous_13)
FNDA:0,(anonymous_14)
FNDA:0,(anonymous_15)
DA:23,0
DA:24,0
DA:26,0
DA:27,0
DA:28,0
DA:29,0
DA:30,0
DA:32,0
DA:35,0
DA:36,0
DA:37,0
DA:38,0
DA:39,0
DA:40,0
DA:43,0
DA:44,0
DA:45,0
DA:46,0
DA:47,0
DA:48,0
DA:50,0
DA:54,0
DA:55,0
DA:56,0
DA:57,0
DA:58,0
DA:59,0
DA:62,0
DA:68,0
DA:69,0
DA:70,0
DA:80,0
DA:81,0
DA:84,0
DA:85,0
DA:86,0
DA:87,0
DA:96,0
DA:98,0
DA:99,0
DA:103,0
DA:104,0
DA:107,0
DA:108,0
DA:109,0
DA:111,0
DA:113,0
DA:115,0
DA:116,0
DA:118,0
DA:120,0
DA:121,0
DA:123,0
DA:125,0
DA:130,0
DA:132,0
DA:135,0
DA:137,0
DA:138,0
DA:139,0
DA:143,0
DA:144,0
DA:145,0
DA:147,0
DA:148,0
DA:150,0
DA:151,0
DA:152,0
DA:153,0
DA:156,0
DA:161,0
DA:163,0
DA:165,0
DA:166,0
DA:167,0
DA:171,0
DA:172,0
DA:173,0
DA:176,0
DA:177,0
DA:179,0
DA:180,0
DA:181,0
DA:182,0
DA:187,0
DA:191,0
DA:192,0
DA:196,0
DA:197,0
DA:200,0
DA:201,0
DA:204,0
DA:206,0
DA:218,0
LF:94
LH:0
BRDA:27,0,0,0
BRDA:27,0,1,0
BRDA:28,1,0,0
BRDA:28,1,1,0
BRDA:29,2,0,0
BRDA:29,2,1,0
BRDA:30,3,0,0
BRDA:30,3,1,0
BRDA:36,4,0,0
BRDA:36,4,1,0
BRDA:37,5,0,0
BRDA:37,5,1,0
BRDA:40,6,0,0
BRDA:40,6,1,0
BRDA:46,7,0,0
BRDA:46,7,1,0
BRDA:57,8,0,0
BRDA:57,8,1,0
BRDA:68,9,0,0
BRDA:68,9,1,0
BRDA:75,10,0,0
BRDA:75,10,1,0
BRDA:80,11,0,0
BRDA:80,11,1,0
BRDA:92,12,0,0
BRDA:92,12,1,0
BRDA:137,13,0,0
BRDA:137,13,1,0
BRDA:152,14,0,0
BRDA:152,14,1,0
BRDA:181,15,0,0
BRDA:181,15,1,0
BRF:32
BRH:0
end_of_record
TN:
SF:src/providers/NotificationBadgeProvider.jsx
FN:7,(anonymous_0)
FN:11,(anonymous_1)
FN:23,(anonymous_2)
FNF:3
FNH:0
FNDA:0,(anonymous_0)
FNDA:0,(anonymous_1)
FNDA:0,(anonymous_2)
DA:5,0
DA:7,0
DA:8,0
DA:9,0
DA:11,0
DA:12,0
DA:13,0
DA:14,0
DA:15,0
DA:16,0
DA:17,0
DA:23,0
DA:25,0
LF:13
LH:0
BRDA:11,0,0,0
BRDA:11,1,0,0
BRDA:13,2,0,0
BRDA:13,2,1,0
BRDA:13,3,0,0
BRDA:13,3,1,0
BRF:6
BRH:0
end_of_record
TN:
SF:src/providers/StripeConnectProvider.jsx
FN:15,(anonymous_0)
FN:19,(anonymous_1)
FN:25,(anonymous_2)
FN:41,(anonymous_3)
FNF:4
FNH:0
FNDA:0,(anonymous_0)
FNDA:0,(anonymous_1)
FNDA:0,(anonymous_2)
FNDA:0,(anonymous_3)
DA:15,0
DA:16,0
DA:17,0
DA:19,0
DA:20,0
DA:21,0
DA:22,0
DA:24,0
DA:25,0
DA:26,0
DA:27,0
DA:28,0
DA:29,0
DA:30,0
DA:31,0
DA:32,0
DA:34,0
DA:37,0
DA:38,0
DA:41,0
DA:44,0
LF:21
LH:0
BRDA:20,0,0,0
BRDA:20,0,1,0
BRDA:28,1,0,0
BRDA:28,1,1,0
BRDA:31,2,0,0
BRDA:31,2,1,0
BRDA:31,3,0,0
BRDA:31,3,1,0
BRDA:38,4,0,0
BRDA:38,4,1,0
BRDA:47,5,0,0
BRDA:47,5,1,0
BRF:12
BRH:0
end_of_record
TN:
SF:src/reducers/activityFeed.reducer.js
FN:30,feedReducer
FN:53,(anonymous_1)
FNF:2
FNH:0
FNDA:0,feedReducer
FNDA:0,(anonymous_1)
DA:4,0
DA:17,0
DA:31,0
DA:33,0
DA:35,0
DA:37,0
DA:38,0
DA:49,0
DA:51,0
DA:52,0
DA:53,0
DA:54,0
DA:55,0
DA:56,0
DA:58,0
DA:67,0
DA:69,0
DA:71,0
DA:73,0
DA:75,0
DA:77,0
LF:21
LH:0
BRDA:31,0,0,0
BRDA:31,0,1,0
BRDA:31,0,2,0
BRDA:31,0,3,0
BRDA:31,0,4,0
BRDA:31,0,5,0
BRDA:31,0,6,0
BRDA:31,0,7,0
BRDA:31,0,8,0
BRDA:31,0,9,0
BRDA:31,0,10,0
BRDA:54,1,0,0
BRDA:54,1,1,0
BRF:13
BRH:0
end_of_record
TN:
SF:src/reducers/auth.reducer.js
FN:23,(anonymous_0)
FNF:1
FNH:0
FNDA:0,(anonymous_0)
DA:1,0
DA:13,0
DA:23,0
DA:24,0
DA:26,0
DA:29,0
DA:40,0
DA:46,0
DA:54,0
DA:61,0
DA:64,0
DA:74,0
DA:80,0
DA:86,0
LF:14
LH:0
BRDA:24,0,0,0
BRDA:24,0,1,0
BRDA:24,0,2,0
BRDA:24,0,3,0
BRDA:24,0,4,0
BRDA:24,0,5,0
BRDA:24,0,6,0
BRDA:24,0,7,0
BRDA:24,0,8,0
BRDA:24,0,9,0
BRDA:35,1,0,0
BRDA:35,1,1,0
BRDA:50,2,0,0
BRDA:50,2,1,0
BRDA:50,2,2,0
BRDA:70,3,0,0
BRDA:70,3,1,0
BRF:17
BRH:0
end_of_record
TN:
SF:src/reducers/booking.reducer.js
FN:41,(anonymous_0)
FNF:1
FNH:0
FNDA:0,(anonymous_0)
DA:1,0
DA:16,0
DA:23,0
DA:41,0
DA:42,0
DA:44,0
DA:47,0
DA:50,0
DA:53,0
DA:56,0
DA:66,0
DA:69,0
DA:78,0
DA:81,0
DA:88,0
DA:91,0
DA:98,0
DA:101,0
LF:18
LH:0
BRDA:42,0,0,0
BRDA:42,0,1,0
BRDA:42,0,2,0
BRDA:42,0,3,0
BRDA:42,0,4,0
BRDA:42,0,5,0
BRDA:42,0,6,0
BRDA:42,0,7,0
BRDA:42,0,8,0
BRDA:42,0,9,0
BRDA:42,0,10,0
BRDA:42,0,11,0
BRDA:42,0,12,0
BRF:13
BRH:0
end_of_record
TN:
SF:src/reducers/clientDetail.reducer.js
FN:63,(anonymous_0)
FN:162,(anonymous_1)
FN:168,(anonymous_2)
FNF:3
FNH:0
FNDA:0,(anonymous_0)
FNDA:0,(anonymous_1)
FNDA:0,(anonymous_2)
DA:1,0
DA:34,0
DA:63,0
DA:64,0
DA:67,0
DA:70,0
DA:73,0
DA:76,0
DA:83,0
DA:86,0
DA:89,0
DA:92,0
DA:99,0
DA:103,0
DA:112,0
DA:121,0
DA:135,0
DA:138,0
DA:141,0
DA:144,0
DA:147,0
DA:150,0
DA:153,0
DA:157,0
DA:160,0
DA:162,0
DA:166,0
DA:168,0
DA:172,0
DA:175,0
LF:30
LH:0
BRDA:64,0,0,0
BRDA:64,0,1,0
BRDA:64,0,2,0
BRDA:64,0,3,0
BRDA:64,0,4,0
BRDA:64,0,5,0
BRDA:64,0,6,0
BRDA:64,0,7,0
BRDA:64,0,8,0
BRDA:64,0,9,0
BRDA:64,0,10,0
BRDA:64,0,11,0
BRDA:64,0,12,0
BRDA:64,0,13,0
BRDA:64,0,14,0
BRDA:64,0,15,0
BRDA:64,0,16,0
BRDA:64,0,17,0
BRDA:64,0,18,0
BRDA:64,0,19,0
BRDA:64,0,20,0
BRDA:64,0,21,0
BRDA:64,0,22,0
BRDA:64,0,23,0
BRF:24
BRH:0
end_of_record
TN:
SF:src/screens/Admin/AdminDashboardScreen.jsx
FN:60,(anonymous_0)
FN:71,(anonymous_1)
FN:87,(anonymous_2)
FN:102,(anonymous_3)
FN:106,(anonymous_4)
FN:107,(anonymous_5)
FN:113,(anonymous_6)
FN:115,(anonymous_7)
FN:122,(anonymous_8)
FN:131,(anonymous_9)
FN:161,(anonymous_10)
FN:174,(anonymous_11)
FN:188,(anonymous_12)
FN:210,(anonymous_13)
FN:227,(anonymous_14)
FN:232,(anonymous_15)
FN:247,(anonymous_16)
FN:261,(anonymous_17)
FN:267,(anonymous_18)
FN:275,(anonymous_19)
FNF:20
FNH:0
FNDA:0,(anonymous_0)
FNDA:0,(anonymous_1)
FNDA:0,(anonymous_2)
FNDA:0,(anonymous_3)
FNDA:0,(anonymous_4)
FNDA:0,(anonymous_5)
FNDA:0,(anonymous_6)
FNDA:0,(anonymous_7)
FNDA:0,(anonymous_8)
FNDA:0,(anonymous_9)
FNDA:0,(anonymous_10)
FNDA:0,(anonymous_11)
FNDA:0,(anonymous_12)
FNDA:0,(anonymous_13)
FNDA:0,(anonymous_14)
FNDA:0,(anonymous_15)
FNDA:0,(anonymous_16)
FNDA:0,(anonymous_17)
FNDA:0,(anonymous_18)
FNDA:0,(anonymous_19)
DA:25,0
DA:60,0
DA:61,0
DA:62,0
DA:63,0
DA:64,0
DA:65,0
DA:66,0
DA:67,0
DA:69,0
DA:71,0
DA:72,0
DA:73,0
DA:74,0
DA:76,0
DA:79,0
DA:83,0
DA:85,0
DA:86,0
DA:87,0
DA:88,0
DA:90,0
DA:94,0
DA:95,0
DA:97,0
DA:98,0
DA:102,0
DA:103,0
DA:106,0
DA:107,0
DA:108,0
DA:110,0
DA:113,0
DA:114,0
DA:115,0
DA:116,0
DA:117,0
DA:118,0
DA:122,0
DA:123,0
DA:124,0
DA:125,0
DA:131,0
DA:132,0
DA:133,0
DA:134,0
DA:137,0
DA:138,0
DA:139,0
DA:142,0
DA:143,0
DA:144,0
DA:147,0
DA:148,0
DA:149,0
DA:154,0
DA:161,0
DA:174,0
DA:188,0
DA:211,0
DA:228,0
DA:232,0
DA:247,0
DA:262,0
DA:263,0
DA:266,0
DA:267,0
DA:269,0
DA:271,0
DA:275,0
DA:313,0
LF:71
LH:0
BRDA:62,0,0,0
BRDA:62,0,1,0
BRDA:62,0,2,0
BRDA:71,1,0,0
BRDA:73,2,0,0
BRDA:73,2,1,0
BRDA:85,3,0,0
BRDA:85,3,1,0
BRDA:86,4,0,0
BRDA:86,4,1,0
BRDA:87,5,0,0
BRDA:87,5,1,0
BRDA:87,6,0,0
BRDA:87,6,1,0
BRDA:94,7,0,0
BRDA:94,7,1,0
BRDA:116,8,0,0
BRDA:116,8,1,0
BRDA:118,9,0,0
BRDA:118,9,1,0
BRDA:123,10,0,0
BRDA:123,10,1,0
BRDA:128,11,0,0
BRDA:128,11,1,0
BRDA:132,12,0,0
BRDA:132,12,1,0
BRDA:137,13,0,0
BRDA:137,13,1,0
BRDA:142,14,0,0
BRDA:142,14,1,0
BRDA:147,15,0,0
BRDA:147,15,1,0
BRDA:166,16,0,0
BRDA:166,16,1,0
BRDA:168,17,0,0
BRDA:168,17,1,0
BRDA:193,18,0,0
BRDA:193,18,1,0
BRDA:195,19,0,0
BRDA:195,19,1,0
BRDA:213,20,0,0
BRDA:213,20,1,0
BRDA:254,21,0,0
BRDA:254,21,1,0
BRDA:262,22,0,0
BRDA:262,22,1,0
BRDA:262,22,2,0
BRDA:263,23,0,0
BRDA:263,23,1,0
BRDA:264,24,0,0
BRDA:264,24,1,0
BRDA:264,25,0,0
BRDA:264,25,1,0
BRDA:266,26,0,0
BRDA:266,26,1,0
BRDA:266,27,0,0
BRDA:266,27,1,0
BRDA:267,28,0,0
BRDA:267,28,1,0
BRDA:267,29,0,0
BRDA:267,29,1,0
BRDA:269,30,0,0
BRDA:269,30,1,0
BRDA:282,31,0,0
BRDA:282,31,1,0
BRDA:296,32,0,0
BRDA:296,32,1,0
BRF:67
BRH:0
end_of_record
TN:
SF:src/screens/Admin/AdminScheduleScreen.jsx
FN:42,(anonymous_0)
FN:67,(anonymous_1)
FN:89,(anonymous_2)
FN:113,(anonymous_3)
FN:117,(anonymous_4)
FN:143,(anonymous_5)
FN:147,(anonymous_6)
FN:151,(anonymous_7)
FN:152,(anonymous_8)
FN:161,(anonymous_9)
FN:162,(anonymous_10)
FN:168,(anonymous_11)
FN:170,(anonymous_12)
FN:172,(anonymous_13)
FN:175,(anonymous_14)
FN:176,(anonymous_15)
FN:183,(anonymous_16)
FN:184,(anonymous_17)
FN:202,(anonymous_18)
FN:214,(anonymous_19)
FN:215,(anonymous_20)
FN:216,(anonymous_21)
FN:218,(anonymous_22)
FN:227,(anonymous_23)
FN:236,(anonymous_24)
FN:240,(anonymous_25)
FN:244,(anonymous_26)
FN:245,(anonymous_27)
FN:249,(anonymous_28)
FN:253,(anonymous_29)
FN:258,(anonymous_30)
FN:270,(anonymous_31)
FN:282,(anonymous_32)
FN:301,(anonymous_33)
FN:308,(anonymous_34)
FN:321,(anonymous_35)
FN:328,(anonymous_36)
FN:333,(anonymous_37)
FN:339,(anonymous_38)
FN:347,(anonymous_39)
FN:370,(anonymous_40)
FN:391,(anonymous_41)
FN:420,(anonymous_42)
FN:437,(anonymous_43)
FN:449,(anonymous_44)
FN:455,(anonymous_45)
FN:474,(anonymous_46)
FN:557,(anonymous_47)
FN:567,(anonymous_48)
FN:574,(anonymous_49)
FNF:50
FNH:0
FNDA:0,(anonymous_0)
FNDA:0,(anonymous_1)
FNDA:0,(anonymous_2)
FNDA:0,(anonymous_3)
FNDA:0,(anonymous_4)
FNDA:0,(anonymous_5)
FNDA:0,(anonymous_6)
FNDA:0,(anonymous_7)
FNDA:0,(anonymous_8)
FNDA:0,(anonymous_9)
FNDA:0,(anonymous_10)
FNDA:0,(anonymous_11)
FNDA:0,(anonymous_12)
FNDA:0,(anonymous_13)
FNDA:0,(anonymous_14)
FNDA:0,(anonymous_15)
FNDA:0,(anonymous_16)
FNDA:0,(anonymous_17)
FNDA:0,(anonymous_18)
FNDA:0,(anonymous_19)
FNDA:0,(anonymous_20)
FNDA:0,(anonymous_21)
FNDA:0,(anonymous_22)
FNDA:0,(anonymous_23)
FNDA:0,(anonymous_24)
FNDA:0,(anonymous_25)
FNDA:0,(anonymous_26)
FNDA:0,(anonymous_27)
FNDA:0,(anonymous_28)
FNDA:0,(anonymous_29)
FNDA:0,(anonymous_30)
FNDA:0,(anonymous_31)
FNDA:0,(anonymous_32)
FNDA:0,(anonymous_33)
FNDA:0,(anonymous_34)
FNDA:0,(anonymous_35)
FNDA:0,(anonymous_36)
FNDA:0,(anonymous_37)
FNDA:0,(anonymous_38)
FNDA:0,(anonymous_39)
FNDA:0,(anonymous_40)
FNDA:0,(anonymous_41)
FNDA:0,(anonymous_42)
FNDA:0,(anonymous_43)
FNDA:0,(anonymous_44)
FNDA:0,(anonymous_45)
FNDA:0,(anonymous_46)
FNDA:0,(anonymous_47)
FNDA:0,(anonymous_48)
FNDA:0,(anonymous_49)
DA:38,0
DA:39,0
DA:42,0
DA:43,0
DA:44,0
DA:45,0
DA:46,0
DA:47,0
DA:48,0
DA:49,0
DA:50,0
DA:51,0
DA:52,0
DA:53,0
DA:54,0
DA:59,0
DA:65,0
DA:67,0
DA:68,0
DA:69,0
DA:70,0
DA:76,0
DA:82,0
DA:83,0
DA:85,0
DA:89,0
DA:90,0
DA:91,0
DA:92,0
DA:94,0
DA:97,0
DA:104,0
DA:111,0
DA:113,0
DA:114,0
DA:117,0
DA:124,0
DA:125,0
DA:127,0
DA:128,0
DA:135,0
DA:136,0
DA:138,0
DA:139,0
DA:143,0
DA:144,0
DA:147,0
DA:148,0
DA:151,0
DA:152,0
DA:153,0
DA:154,0
DA:156,0
DA:158,0
DA:161,0
DA:162,0
DA:163,0
DA:165,0
DA:168,0
DA:170,0
DA:171,0
DA:172,0
DA:175,0
DA:176,0
DA:177,0
DA:183,0
DA:184,0
DA:185,0
DA:186,0
DA:188,0
DA:189,0
DA:190,0
DA:193,0
DA:198,0
DA:202,0
DA:203,0
DA:212,0
DA:214,0
DA:215,0
DA:216,0
DA:218,0
DA:219,0
DA:220,0
DA:227,0
DA:236,0
DA:237,0
DA:240,0
DA:241,0
DA:244,0
DA:245,0
DA:246,0
DA:249,0
DA:250,0
DA:253,0
DA:254,0
DA:255,0
DA:258,0
DA:266,0
DA:267,0
DA:270,0
DA:278,0
DA:279,0
DA:282,0
DA:290,0
DA:293,0
DA:301,0
DA:308,0
DA:321,0
DA:328,0
DA:333,0
DA:339,0
DA:347,0
DA:370,0
DA:391,0
DA:420,0
DA:437,0
DA:450,0
DA:456,0
DA:457,0
DA:460,0
DA:461,0
DA:462,0
DA:463,0
DA:465,0
DA:474,0
DA:557,0
DA:568,0
DA:574,0
DA:597,0
LF:129
LH:0
BRDA:38,0,0,0
BRDA:38,0,1,0
BRDA:38,1,0,0
BRDA:38,1,1,0
BRDA:77,2,0,0
BRDA:77,2,1,0
BRDA:77,3,0,0
BRDA:77,3,1,0
BRDA:78,4,0,0
BRDA:78,4,1,0
BRDA:78,5,0,0
BRDA:78,5,1,0
BRDA:79,6,0,0
BRDA:79,6,1,0
BRDA:79,7,0,0
BRDA:79,7,1,0
BRDA:82,8,0,0
BRDA:82,8,1,0
BRDA:89,9,0,0
BRDA:91,10,0,0
BRDA:91,10,1,0
BRDA:107,11,0,0
BRDA:107,11,1,0
BRDA:113,12,0,0
BRDA:113,12,1,0
BRDA:113,13,0,0
BRDA:113,13,1,0
BRDA:113,14,0,0
BRDA:113,14,1,0
BRDA:116,15,0,0
BRDA:116,15,1,0
BRDA:117,16,0,0
BRDA:117,16,1,0
BRDA:121,17,0,0
BRDA:121,17,1,0
BRDA:121,17,2,0
BRDA:127,18,0,0
BRDA:127,18,1,0
BRDA:131,19,0,0
BRDA:131,19,1,0
BRDA:153,20,0,0
BRDA:153,20,1,0
BRDA:153,21,0,0
BRDA:153,21,1,0
BRDA:177,22,0,0
BRDA:177,22,1,0
BRDA:177,22,2,0
BRDA:185,23,0,0
BRDA:185,23,1,0
BRDA:188,24,0,0
BRDA:188,24,1,0
BRDA:188,25,0,0
BRDA:188,25,1,0
BRDA:212,26,0,0
BRDA:212,26,1,0
BRDA:212,26,2,0
BRDA:224,27,0,0
BRDA:224,27,1,0
BRDA:225,28,0,0
BRDA:225,28,1,0
BRDA:225,28,2,0
BRDA:230,29,0,0
BRDA:230,29,1,0
BRDA:231,30,0,0
BRDA:231,30,1,0
BRDA:254,31,0,0
BRDA:254,31,1,0
BRDA:260,32,0,0
BRDA:260,32,1,0
BRDA:260,33,0,0
BRDA:260,33,1,0
BRDA:260,34,0,0
BRDA:260,34,1,0
BRDA:261,35,0,0
BRDA:261,35,1,0
BRDA:266,36,0,0
BRDA:266,36,1,0
BRDA:273,37,0,0
BRDA:273,37,1,0
BRDA:278,38,0,0
BRDA:278,38,1,0
BRDA:285,39,0,0
BRDA:285,39,1,0
BRDA:307,40,0,0
BRDA:307,40,1,0
BRDA:346,41,0,0
BRDA:346,41,1,0
BRDA:353,42,0,0
BRDA:353,42,1,0
BRDA:357,43,0,0
BRDA:357,43,1,0
BRDA:361,44,0,0
BRDA:361,44,1,0
BRDA:362,45,0,0
BRDA:362,45,1,0
BRDA:362,45,2,0
BRDA:362,46,0,0
BRDA:362,46,1,0
BRDA:362,47,0,0
BRDA:362,47,1,0
BRDA:365,48,0,0
BRDA:365,48,1,0
BRDA:369,49,0,0
BRDA:369,49,1,0
BRDA:376,50,0,0
BRDA:376,50,1,0
BRDA:380,51,0,0
BRDA:380,51,1,0
BRDA:384,52,0,0
BRDA:384,52,1,0
BRDA:386,53,0,0
BRDA:386,53,1,0
BRDA:390,54,0,0
BRDA:390,54,1,0
BRDA:397,55,0,0
BRDA:397,55,1,0
BRDA:401,56,0,0
BRDA:401,56,1,0
BRDA:405,57,0,0
BRDA:405,57,1,0
BRDA:407,58,0,0
BRDA:407,58,1,0
BRDA:412,59,0,0
BRDA:412,59,1,0
BRDA:426,60,0,0
BRDA:426,60,1,0
BRDA:430,61,0,0
BRDA:430,61,1,0
BRDA:440,62,0,0
BRDA:440,62,1,0
BRDA:445,63,0,0
BRDA:445,63,1,0
BRDA:457,64,0,0
BRDA:457,64,1,0
BRDA:458,65,0,0
BRDA:458,65,1,0
BRDA:458,66,0,0
BRDA:458,66,1,0
BRDA:462,67,0,0
BRDA:462,67,1,0
BRDA:463,68,0,0
BRDA:463,68,1,0
BRDA:470,69,0,0
BRDA:470,69,1,0
BRDA:472,70,0,0
BRDA:472,70,1,0
BRDA:483,71,0,0
BRDA:483,71,1,0
BRDA:486,72,0,0
BRDA:486,72,1,0
BRDA:497,73,0,0
BRDA:497,73,1,0
BRDA:508,74,0,0
BRDA:508,74,1,0
BRDA:546,75,0,0
BRDA:546,75,1,0
BRDA:555,76,0,0
BRDA:555,76,1,0
BRDA:563,77,0,0
BRDA:563,77,1,0
BRDA:572,78,0,0
BRDA:572,78,1,0
BRDA:580,79,0,0
BRDA:580,79,1,0
BRDA:582,80,0,0
BRDA:582,80,1,0
BRF:166
BRH:0
end_of_record
TN:
SF:src/screens/Auth/LoginScreen.jsx
FN:19,(anonymous_0)
FN:41,(anonymous_1)
FN:56,(anonymous_2)
FN:57,(anonymous_3)
FN:72,(anonymous_4)
FN:82,(anonymous_5)
FN:95,(anonymous_6)
FN:100,(anonymous_7)
FN:105,(anonymous_8)
FN:108,(anonymous_9)
FN:115,(anonymous_10)
FN:123,(anonymous_11)
FN:133,(anonymous_12)
FN:148,(anonymous_13)
FN:187,(anonymous_14)
FN:187,(anonymous_15)
FN:199,(anonymous_16)
FN:209,(anonymous_17)
FN:220,(anonymous_18)
FN:230,(anonymous_19)
FN:279,(anonymous_20)
FN:280,(anonymous_21)
FN:282,(anonymous_22)
FN:300,(anonymous_23)
FN:304,(anonymous_24)
FN:344,(anonymous_25)
FN:345,(anonymous_26)
FN:386,(anonymous_27)
FN:387,(anonymous_28)
FN:406,(anonymous_29)
FN:407,(anonymous_30)
FNF:31
FNH:0
FNDA:0,(anonymous_0)
FNDA:0,(anonymous_1)
FNDA:0,(anonymous_2)
FNDA:0,(anonymous_3)
FNDA:0,(anonymous_4)
FNDA:0,(anonymous_5)
FNDA:0,(anonymous_6)
FNDA:0,(anonymous_7)
FNDA:0,(anonymous_8)
FNDA:0,(anonymous_9)
FNDA:0,(anonymous_10)
FNDA:0,(anonymous_11)
FNDA:0,(anonymous_12)
FNDA:0,(anonymous_13)
FNDA:0,(anonymous_14)
FNDA:0,(anonymous_15)
FNDA:0,(anonymous_16)
FNDA:0,(anonymous_17)
FNDA:0,(anonymous_18)
FNDA:0,(anonymous_19)
FNDA:0,(anonymous_20)
FNDA:0,(anonymous_21)
FNDA:0,(anonymous_22)
FNDA:0,(anonymous_23)
FNDA:0,(anonymous_24)
FNDA:0,(anonymous_25)
FNDA:0,(anonymous_26)
FNDA:0,(anonymous_27)
FNDA:0,(anonymous_28)
FNDA:0,(anonymous_29)
FNDA:0,(anonymous_30)
DA:18,0
DA:19,0
DA:20,0
DA:21,0
DA:22,0
DA:23,0
DA:24,0
DA:25,0
DA:38,0
DA:39,0
DA:41,0
DA:42,0
DA:43,0
DA:44,0
DA:45,0
DA:48,0
DA:49,0
DA:50,0
DA:51,0
DA:52,0
DA:53,0
DA:56,0
DA:57,0
DA:58,0
DA:59,0
DA:60,0
DA:61,0
DA:62,0
DA:68,0
DA:72,0
DA:73,0
DA:75,0
DA:76,0
DA:77,0
DA:78,0
DA:81,0
DA:82,0
DA:83,0
DA:84,0
DA:85,0
DA:86,0
DA:88,0
DA:89,0
DA:91,0
DA:95,0
DA:96,0
DA:100,0
DA:101,0
DA:102,0
DA:103,0
DA:104,0
DA:105,0
DA:108,0
DA:109,0
DA:110,0
DA:111,0
DA:112,0
DA:115,0
DA:116,0
DA:117,0
DA:118,0
DA:120,0
DA:123,0
DA:124,0
DA:125,0
DA:128,0
DA:132,0
DA:133,0
DA:134,0
DA:135,0
DA:136,0
DA:141,0
DA:143,0
DA:148,0
DA:149,0
DA:151,0
DA:152,0
DA:154,0
DA:155,0
DA:156,0
DA:158,0
DA:159,0
DA:163,0
DA:165,0
DA:166,0
DA:169,0
DA:170,0
DA:172,0
DA:174,0
DA:175,0
DA:178,0
DA:179,0
DA:180,0
DA:182,0
DA:186,0
DA:187,0
DA:188,0
DA:189,0
DA:195,0
DA:196,0
DA:197,0
DA:199,0
DA:200,0
DA:201,0
DA:202,0
DA:204,0
DA:205,0
DA:206,0
DA:209,0
DA:210,0
DA:211,0
DA:212,0
DA:214,0
DA:215,0
DA:216,0
DA:217,0
DA:220,0
DA:223,0
DA:224,0
DA:226,0
DA:230,0
DA:231,0
DA:232,0
DA:235,0
DA:237,0
DA:279,0
DA:281,0
DA:282,0
DA:301,0
DA:304,0
DA:344,0
DA:345,0
DA:386,0
DA:387,0
DA:406,0
DA:407,0
LF:136
LH:0
BRDA:60,0,0,0
BRDA:60,0,1,0
BRDA:62,1,0,0
BRDA:62,1,1,0
BRDA:62,1,2,0
BRDA:73,2,0,0
BRDA:73,2,1,0
BRDA:75,3,0,0
BRDA:75,3,1,0
BRDA:75,4,0,0
BRDA:75,4,1,0
BRDA:96,5,0,0
BRDA:96,5,1,0
BRDA:102,6,0,0
BRDA:102,6,1,0
BRDA:102,6,2,0
BRDA:116,7,0,0
BRDA:116,7,1,0
BRDA:117,8,0,0
BRDA:117,8,1,0
BRDA:124,9,0,0
BRDA:124,9,1,0
BRDA:124,10,0,0
BRDA:124,10,1,0
BRDA:124,10,2,0
BRDA:134,11,0,0
BRDA:134,11,1,0
BRDA:134,12,0,0
BRDA:134,12,1,0
BRDA:149,13,0,0
BRDA:149,13,1,0
BRDA:149,14,0,0
BRDA:149,14,1,0
BRDA:152,15,0,0
BRDA:152,15,1,0
BRDA:158,16,0,0
BRDA:158,16,1,0
BRDA:165,17,0,0
BRDA:165,17,1,0
BRDA:165,18,0,0
BRDA:165,18,1,0
BRDA:169,19,0,0
BRDA:169,19,1,0
BRDA:170,20,0,0
BRDA:170,20,1,0
BRDA:174,21,0,0
BRDA:174,21,1,0
BRDA:178,22,0,0
BRDA:178,22,1,0
BRDA:178,22,2,0
BRDA:188,23,0,0
BRDA:188,23,1,0
BRDA:200,24,0,0
BRDA:200,24,1,0
BRDA:206,25,0,0
BRDA:206,25,1,0
BRDA:210,26,0,0
BRDA:210,26,1,0
BRDA:223,27,0,0
BRDA:223,27,1,0
BRDA:232,28,0,0
BRDA:232,28,1,0
BRDA:235,29,0,0
BRDA:235,29,1,0
BRDA:235,29,2,0
BRDA:241,30,0,0
BRDA:241,30,1,0
BRDA:252,31,0,0
BRDA:252,31,1,0
BRDA:265,32,0,0
BRDA:265,32,1,0
BRDA:266,33,0,0
BRDA:266,33,1,0
BRDA:268,34,0,0
BRDA:268,34,1,0
BRDA:287,35,0,0
BRDA:287,35,1,0
BRDA:290,36,0,0
BRDA:290,36,1,0
BRDA:298,37,0,0
BRDA:298,37,1,0
BRDA:312,38,0,0
BRDA:312,38,1,0
BRDA:313,39,0,0
BRDA:313,39,1,0
BRDA:320,40,0,0
BRDA:320,40,1,0
BRDA:320,40,2,0
BRDA:327,41,0,0
BRDA:327,41,1,0
BRDA:338,42,0,0
BRDA:338,42,1,0
BRDA:356,43,0,0
BRDA:356,43,1,0
BRDA:356,43,2,0
BRDA:359,44,0,0
BRDA:359,44,1,0
BRDA:362,45,0,0
BRDA:362,45,1,0
BRDA:380,46,0,0
BRDA:380,46,1,0
BRDA:400,47,0,0
BRDA:400,47,1,0
BRDA:416,48,0,0
BRDA:416,48,1,0
BRDA:416,48,2,0
BRDA:419,49,0,0
BRDA:419,49,1,0
BRDA:422,50,0,0
BRDA:422,50,1,0
BRDA:440,51,0,0
BRDA:440,51,1,0
BRDA:440,51,2,0
BRDA:443,52,0,0
BRDA:443,52,1,0
BRDA:446,53,0,0
BRDA:446,53,1,0
BRDA:459,54,0,0
BRDA:459,54,1,0
BRF:119
BRH:0
end_of_record
TN:
SF:src/screens/Booking/BookingConfirmationScreen.jsx
FN:25,(anonymous_0)
FN:61,(anonymous_1)
FN:80,(anonymous_2)
FN:89,(anonymous_3)
FN:97,(anonymous_4)
FN:100,(anonymous_5)
FN:124,(anonymous_6)
FN:157,(anonymous_7)
FN:164,(anonymous_8)
FN:167,(anonymous_9)
FN:178,(anonymous_10)
FN:185,(anonymous_11)
FN:205,(anonymous_12)
FN:229,(anonymous_13)
FN:273,(anonymous_14)
FN:282,(anonymous_15)
FN:293,(anonymous_16)
FN:381,(anonymous_17)
FN:455,(anonymous_18)
FN:488,(anonymous_19)
FN:504,(anonymous_20)
FN:566,(anonymous_21)
FN:631,(anonymous_22)
FN:672,(anonymous_23)
FN:681,(anonymous_24)
FN:693,(anonymous_25)
FN:700,(anonymous_26)
FN:745,(anonymous_27)
FN:766,(anonymous_28)
FN:857,(anonymous_29)
FN:865,(anonymous_30)
FN:881,(anonymous_31)
FN:882,(anonymous_32)
FN:1007,(anonymous_33)
FN:1008,(anonymous_34)
FN:1060,(anonymous_35)
FN:1060,(anonymous_36)
FN:1135,(anonymous_37)
FNF:38
FNH:0
FNDA:0,(anonymous_0)
FNDA:0,(anonymous_1)
FNDA:0,(anonymous_2)
FNDA:0,(anonymous_3)
FNDA:0,(anonymous_4)
FNDA:0,(anonymous_5)
FNDA:0,(anonymous_6)
FNDA:0,(anonymous_7)
FNDA:0,(anonymous_8)
FNDA:0,(anonymous_9)
FNDA:0,(anonymous_10)
FNDA:0,(anonymous_11)
FNDA:0,(anonymous_12)
FNDA:0,(anonymous_13)
FNDA:0,(anonymous_14)
FNDA:0,(anonymous_15)
FNDA:0,(anonymous_16)
FNDA:0,(anonymous_17)
FNDA:0,(anonymous_18)
FNDA:0,(anonymous_19)
FNDA:0,(anonymous_20)
FNDA:0,(anonymous_21)
FNDA:0,(anonymous_22)
FNDA:0,(anonymous_23)
FNDA:0,(anonymous_24)
FNDA:0,(anonymous_25)
FNDA:0,(anonymous_26)
FNDA:0,(anonymous_27)
FNDA:0,(anonymous_28)
FNDA:0,(anonymous_29)
FNDA:0,(anonymous_30)
FNDA:0,(anonymous_31)
FNDA:0,(anonymous_32)
FNDA:0,(anonymous_33)
FNDA:0,(anonymous_34)
FNDA:0,(anonymous_35)
FNDA:0,(anonymous_36)
FNDA:0,(anonymous_37)
DA:25,0
DA:26,0
DA:27,0
DA:28,0
DA:29,0
DA:30,0
DA:31,0
DA:32,0
DA:33,0
DA:36,0
DA:37,0
DA:38,0
DA:41,0
DA:42,0
DA:45,0
DA:46,0
DA:47,0
DA:48,0
DA:51,0
DA:54,0
DA:55,0
DA:58,0
DA:59,0
DA:61,0
DA:62,0
DA:63,0
DA:79,0
DA:80,0
DA:81,0
DA:82,0
DA:88,0
DA:89,0
DA:92,0
DA:93,0
DA:94,0
DA:97,0
DA:98,0
DA:99,0
DA:100,0
DA:101,0
DA:102,0
DA:103,0
DA:104,0
DA:106,0
DA:107,0
DA:108,0
DA:109,0
DA:110,0
DA:112,0
DA:116,0
DA:122,0
DA:123,0
DA:124,0
DA:126,0
DA:129,0
DA:140,0
DA:148,0
DA:151,0
DA:152,0
DA:154,0
DA:157,0
DA:161,0
DA:164,0
DA:165,0
DA:166,0
DA:167,0
DA:168,0
DA:172,0
DA:175,0
DA:178,0
DA:179,0
DA:181,0
DA:183,0
DA:184,0
DA:185,0
DA:186,0
DA:187,0
DA:188,0
DA:189,0
DA:190,0
DA:191,0
DA:192,0
DA:193,0
DA:194,0
DA:195,0
DA:199,0
DA:200,0
DA:202,0
DA:205,0
DA:209,0
DA:217,0
DA:229,0
DA:230,0
DA:241,0
DA:242,0
DA:243,0
DA:245,0
DA:246,0
DA:250,0
DA:251,0
DA:254,0
DA:255,0
DA:258,0
DA:259,0
DA:260,0
DA:265,0
DA:266,0
DA:269,0
DA:273,0
DA:274,0
DA:275,0
DA:276,0
DA:277,0
DA:278,0
DA:279,0
DA:280,0
DA:282,0
DA:283,0
DA:285,0
DA:287,0
DA:288,0
DA:293,0
DA:294,0
DA:295,0
DA:296,0
DA:299,0
DA:301,0
DA:302,0
DA:305,0
DA:306,0
DA:307,0
DA:308,0
DA:311,0
DA:312,0
DA:317,0
DA:318,0
DA:320,0
DA:322,0
DA:323,0
DA:327,0
DA:328,0
DA:340,0
DA:341,0
DA:345,0
DA:346,0
DA:349,0
DA:350,0
DA:353,0
DA:354,0
DA:355,0
DA:357,0
DA:358,0
DA:360,0
DA:363,0
DA:364,0
DA:365,0
DA:367,0
DA:370,0
DA:372,0
DA:373,0
DA:381,0
DA:382,0
DA:383,0
DA:384,0
DA:387,0
DA:389,0
DA:390,0
DA:393,0
DA:394,0
DA:395,0
DA:396,0
DA:399,0
DA:400,0
DA:407,0
DA:408,0
DA:410,0
DA:412,0
DA:413,0
DA:417,0
DA:418,0
DA:419,0
DA:422,0
DA:423,0
DA:424,0
DA:425,0
DA:428,0
DA:431,0
DA:432,0
DA:433,0
DA:435,0
DA:436,0
DA:438,0
DA:440,0
DA:441,0
DA:442,0
DA:444,0
DA:447,0
DA:449,0
DA:450,0
DA:455,0
DA:456,0
DA:457,0
DA:458,0
DA:461,0
DA:462,0
DA:466,0
DA:468,0
DA:469,0
DA:470,0
DA:472,0
DA:473,0
DA:475,0
DA:476,0
DA:477,0
DA:478,0
DA:479,0
DA:480,0
DA:481,0
DA:483,0
DA:488,0
DA:489,0
DA:490,0
DA:492,0
DA:494,0
DA:496,0
DA:498,0
DA:500,0
DA:504,0
DA:505,0
DA:506,0
DA:518,0
DA:520,0
DA:521,0
DA:538,0
DA:558,0
DA:559,0
DA:561,0
DA:567,0
DA:568,0
DA:569,0
DA:570,0
DA:573,0
DA:574,0
DA:576,0
DA:627,0
DA:631,0
DA:633,0
DA:636,0
DA:637,0
DA:648,0
DA:650,0
DA:651,0
DA:663,0
DA:672,0
DA:681,0
DA:694,0
DA:695,0
DA:696,0
DA:700,0
DA:746,0
DA:747,0
DA:758,0
DA:759,0
DA:760,0
DA:761,0
DA:762,0
DA:763,0
DA:764,0
DA:766,0
DA:767,0
DA:768,0
DA:770,0
DA:771,0
DA:773,0
DA:774,0
DA:776,0
DA:777,0
DA:779,0
DA:782,0
DA:857,0
DA:865,0
DA:877,0
DA:881,0
DA:882,0
DA:1007,0
DA:1008,0
DA:1060,0
DA:1135,0
DA:1136,0
DA:1137,0
DA:1139,0
LF:291
LH:0
BRDA:26,0,0,0
BRDA:26,1,0,0
BRDA:26,1,1,0
BRDA:62,2,0,0
BRDA:62,2,1,0
BRDA:81,3,0,0
BRDA:81,3,1,0
BRDA:93,4,0,0
BRDA:93,4,1,0
BRDA:94,5,0,0
BRDA:94,5,1,0
BRDA:98,6,0,0
BRDA:98,6,1,0
BRDA:98,7,0,0
BRDA:98,7,1,0
BRDA:104,8,0,0
BRDA:104,8,1,0
BRDA:106,9,0,0
BRDA:106,9,1,0
BRDA:107,10,0,0
BRDA:107,10,1,0
BRDA:108,11,0,0
BRDA:108,11,1,0
BRDA:108,11,2,0
BRDA:110,12,0,0
BRDA:110,12,1,0
BRDA:112,13,0,0
BRDA:112,13,1,0
BRDA:112,13,2,0
BRDA:112,13,3,0
BRDA:117,14,0,0
BRDA:117,14,1,0
BRDA:117,14,2,0
BRDA:117,14,3,0
BRDA:117,14,4,0
BRDA:122,15,0,0
BRDA:122,15,1,0
BRDA:122,16,0,0
BRDA:122,16,1,0
BRDA:123,17,0,0
BRDA:123,17,1,0
BRDA:126,18,0,0
BRDA:126,18,1,0
BRDA:126,18,2,0
BRDA:133,19,0,0
BRDA:133,19,1,0
BRDA:144,20,0,0
BRDA:144,20,1,0
BRDA:152,21,0,0
BRDA:152,21,1,0
BRDA:154,22,0,0
BRDA:154,22,1,0
BRDA:161,23,0,0
BRDA:161,23,1,0
BRDA:165,24,0,0
BRDA:165,24,1,0
BRDA:165,25,0,0
BRDA:165,25,1,0
BRDA:166,26,0,0
BRDA:166,26,1,0
BRDA:168,27,0,0
BRDA:168,27,1,0
BRDA:175,28,0,0
BRDA:175,28,1,0
BRDA:175,28,2,0
BRDA:175,28,3,0
BRDA:179,29,0,0
BRDA:179,29,1,0
BRDA:181,30,0,0
BRDA:181,30,1,0
BRDA:183,31,0,0
BRDA:183,31,1,0
BRDA:183,32,0,0
BRDA:183,32,1,0
BRDA:189,33,0,0
BRDA:189,33,1,0
BRDA:189,33,2,0
BRDA:190,34,0,0
BRDA:190,34,1,0
BRDA:191,35,0,0
BRDA:191,35,1,0
BRDA:193,36,0,0
BRDA:193,36,1,0
BRDA:195,37,0,0
BRDA:195,37,1,0
BRDA:200,38,0,0
BRDA:200,38,1,0
BRDA:202,39,0,0
BRDA:202,39,1,0
BRDA:211,40,0,0
BRDA:211,40,1,0
BRDA:217,41,0,0
BRDA:217,41,1,0
BRDA:219,42,0,0
BRDA:219,42,1,0
BRDA:229,43,0,0
BRDA:232,44,0,0
BRDA:232,44,1,0
BRDA:238,45,0,0
BRDA:238,45,1,0
BRDA:241,46,0,0
BRDA:241,46,1,0
BRDA:250,47,0,0
BRDA:250,47,1,0
BRDA:254,48,0,0
BRDA:254,48,1,0
BRDA:254,49,0,0
BRDA:254,49,1,0
BRDA:258,50,0,0
BRDA:258,50,1,0
BRDA:258,51,0,0
BRDA:258,51,1,0
BRDA:265,52,0,0
BRDA:265,52,1,0
BRDA:279,53,0,0
BRDA:279,53,1,0
BRDA:294,54,0,0
BRDA:294,54,1,0
BRDA:308,55,0,0
BRDA:308,55,1,0
BRDA:317,56,0,0
BRDA:317,56,1,0
BRDA:322,57,0,0
BRDA:322,57,1,0
BRDA:322,58,0,0
BRDA:322,58,1,0
BRDA:323,59,0,0
BRDA:323,59,1,0
BRDA:332,60,0,0
BRDA:332,60,1,0
BRDA:335,61,0,0
BRDA:335,61,1,0
BRDA:340,62,0,0
BRDA:340,62,1,0
BRDA:341,63,0,0
BRDA:341,63,1,0
BRDA:355,64,0,0
BRDA:355,64,1,0
BRDA:358,65,0,0
BRDA:358,65,1,0
BRDA:363,66,0,0
BRDA:363,66,1,0
BRDA:382,67,0,0
BRDA:382,67,1,0
BRDA:396,68,0,0
BRDA:396,68,1,0
BRDA:407,69,0,0
BRDA:407,69,1,0
BRDA:412,70,0,0
BRDA:412,70,1,0
BRDA:412,71,0,0
BRDA:412,71,1,0
BRDA:413,72,0,0
BRDA:413,72,1,0
BRDA:413,72,2,0
BRDA:417,73,0,0
BRDA:417,73,1,0
BRDA:417,74,0,0
BRDA:417,74,1,0
BRDA:422,75,0,0
BRDA:422,75,1,0
BRDA:422,76,0,0
BRDA:422,76,1,0
BRDA:424,77,0,0
BRDA:424,77,1,0
BRDA:432,78,0,0
BRDA:432,78,1,0
BRDA:433,79,0,0
BRDA:433,79,1,0
BRDA:436,80,0,0
BRDA:436,80,1,0
BRDA:440,81,0,0
BRDA:440,81,1,0
BRDA:456,82,0,0
BRDA:456,82,1,0
BRDA:461,83,0,0
BRDA:461,83,1,0
BRDA:461,84,0,0
BRDA:461,84,1,0
BRDA:468,85,0,0
BRDA:468,85,1,0
BRDA:470,86,0,0
BRDA:470,86,1,0
BRDA:470,87,0,0
BRDA:470,87,1,0
BRDA:473,88,0,0
BRDA:473,88,1,0
BRDA:473,89,0,0
BRDA:473,89,1,0
BRDA:476,90,0,0
BRDA:476,90,1,0
BRDA:478,91,0,0
BRDA:478,91,1,0
BRDA:478,92,0,0
BRDA:478,92,1,0
BRDA:478,92,2,0
BRDA:480,93,0,0
BRDA:480,93,1,0
BRDA:489,94,0,0
BRDA:489,94,1,0
BRDA:489,95,0,0
BRDA:489,95,1,0
BRDA:489,95,2,0
BRDA:490,96,0,0
BRDA:490,96,1,0
BRDA:492,97,0,0
BRDA:492,97,1,0
BRDA:494,98,0,0
BRDA:494,98,1,0
BRDA:494,99,0,0
BRDA:494,99,1,0
BRDA:496,100,0,0
BRDA:496,100,1,0
BRDA:496,101,0,0
BRDA:496,101,1,0
BRDA:498,102,0,0
BRDA:498,102,1,0
BRDA:505,103,0,0
BRDA:505,103,1,0
BRDA:505,104,0,0
BRDA:505,104,1,0
BRDA:518,105,0,0
BRDA:518,105,1,0
BRDA:518,106,0,0
BRDA:518,106,1,0
BRDA:520,107,0,0
BRDA:520,107,1,0
BRDA:526,108,0,0
BRDA:526,108,1,0
BRDA:527,109,0,0
BRDA:527,109,1,0
BRDA:528,110,0,0
BRDA:528,110,1,0
BRDA:529,111,0,0
BRDA:529,111,1,0
BRDA:541,112,0,0
BRDA:541,112,1,0
BRDA:545,113,0,0
BRDA:545,113,1,0
BRDA:558,114,0,0
BRDA:558,114,1,0
BRDA:558,115,0,0
BRDA:558,115,1,0
BRDA:564,116,0,0
BRDA:564,116,1,0
BRDA:567,117,0,0
BRDA:567,117,1,0
BRDA:568,118,0,0
BRDA:568,118,1,0
BRDA:569,119,0,0
BRDA:569,119,1,0
BRDA:570,120,0,0
BRDA:570,120,1,0
BRDA:573,121,0,0
BRDA:573,121,1,0
BRDA:578,122,0,0
BRDA:578,122,1,0
BRDA:579,123,0,0
BRDA:579,123,1,0
BRDA:585,124,0,0
BRDA:585,124,1,0
BRDA:588,125,0,0
BRDA:588,125,1,0
BRDA:593,126,0,0
BRDA:593,126,1,0
BRDA:601,127,0,0
BRDA:601,127,1,0
BRDA:606,128,0,0
BRDA:606,128,1,0
BRDA:614,129,0,0
BRDA:614,129,1,0
BRDA:615,130,0,0
BRDA:615,130,1,0
BRDA:616,131,0,0
BRDA:616,131,1,0
BRDA:617,132,0,0
BRDA:617,132,1,0
BRDA:618,133,0,0
BRDA:618,133,1,0
BRDA:618,134,0,0
BRDA:618,134,1,0
BRDA:633,135,0,0
BRDA:633,135,1,0
BRDA:633,136,0,0
BRDA:633,136,1,0
BRDA:636,137,0,0
BRDA:636,137,1,0
BRDA:636,138,0,0
BRDA:636,138,1,0
BRDA:648,139,0,0
BRDA:648,139,1,0
BRDA:648,140,0,0
BRDA:648,140,1,0
BRDA:650,141,0,0
BRDA:650,141,1,0
BRDA:668,142,0,0
BRDA:668,142,1,0
BRDA:671,143,0,0
BRDA:671,143,1,0
BRDA:675,144,0,0
BRDA:675,144,1,0
BRDA:680,145,0,0
BRDA:680,145,1,0
BRDA:684,146,0,0
BRDA:684,146,1,0
BRDA:691,147,0,0
BRDA:691,147,1,0
BRDA:691,148,0,0
BRDA:691,148,1,0
BRDA:694,149,0,0
BRDA:694,149,1,0
BRDA:699,150,0,0
BRDA:699,150,1,0
BRDA:707,151,0,0
BRDA:707,151,1,0
BRDA:710,152,0,0
BRDA:710,152,1,0
BRDA:711,153,0,0
BRDA:711,153,1,0
BRDA:713,154,0,0
BRDA:713,154,1,0
BRDA:714,155,0,0
BRDA:714,155,1,0
BRDA:715,156,0,0
BRDA:715,156,1,0
BRDA:715,156,2,0
BRDA:723,157,0,0
BRDA:723,157,1,0
BRDA:724,158,0,0
BRDA:724,158,1,0
BRDA:747,159,0,0
BRDA:747,159,1,0
BRDA:750,160,0,0
BRDA:750,160,1,0
BRDA:758,161,0,0
BRDA:758,161,1,0
BRDA:759,162,0,0
BRDA:759,162,1,0
BRDA:760,163,0,0
BRDA:760,163,1,0
BRDA:761,164,0,0
BRDA:761,164,1,0
BRDA:762,165,0,0
BRDA:762,165,1,0
BRDA:764,166,0,0
BRDA:764,166,1,0
BRDA:767,167,0,0
BRDA:767,167,1,0
BRDA:767,168,0,0
BRDA:767,168,1,0
BRDA:767,168,2,0
BRDA:770,169,0,0
BRDA:770,169,1,0
BRDA:773,170,0,0
BRDA:773,170,1,0
BRDA:773,171,0,0
BRDA:773,171,1,0
BRDA:776,172,0,0
BRDA:776,172,1,0
BRDA:799,173,0,0
BRDA:799,173,1,0
[...]
DA:355,0
DA:356,0
DA:357,0
DA:361,0
DA:362,0
DA:364,0
DA:369,0
DA:370,0
DA:371,0
DA:372,0
DA:374,0
DA:375,0
DA:376,0
DA:377,0
DA:378,0
DA:380,0
DA:382,0
DA:383,0
DA:385,0
DA:386,0
DA:390,0
DA:391,0
DA:392,0
DA:394,0
DA:397,0
DA:398,0
DA:401,0
DA:403,0
DA:404,0
DA:409,0
DA:410,0
DA:413,0
DA:415,0
DA:419,0
DA:427,0
DA:437,0
LF:95
LH:0
BRDA:32,0,0,0
BRDA:32,0,1,0
BRDA:33,1,0,0
BRDA:33,1,1,0
BRDA:34,2,0,0
BRDA:34,2,1,0
BRDA:35,3,0,0
BRDA:35,3,1,0
BRDA:40,4,0,0
BRDA:40,4,1,0
BRDA:42,5,0,0
BRDA:42,5,1,0
BRDA:43,6,0,0
BRDA:43,6,1,0
BRDA:55,7,0,0
BRDA:55,7,1,0
BRDA:88,8,0,0
BRDA:88,8,1,0
BRDA:103,9,0,0
BRDA:103,9,1,0
BRDA:104,10,0,0
BRDA:104,10,1,0
BRDA:113,11,0,0
BRDA:113,11,1,0
BRDA:113,11,2,0
BRDA:126,12,0,0
BRDA:126,12,1,0
BRDA:149,13,0,0
BRDA:149,13,1,0
BRDA:153,14,0,0
BRDA:153,14,1,0
BRDA:159,15,0,0
BRDA:159,15,1,0
BRDA:162,16,0,0
BRDA:162,16,1,0
BRDA:174,17,0,0
BRDA:174,17,1,0
BRDA:179,18,0,0
BRDA:179,18,1,0
BRDA:186,19,0,0
BRDA:186,19,1,0
BRDA:199,20,0,0
BRDA:199,20,1,0
BRDA:199,20,2,0
BRDA:207,21,0,0
BRDA:207,21,1,0
BRDA:228,22,0,0
BRDA:228,22,1,0
BRDA:228,22,2,0
BRDA:230,23,0,0
BRDA:230,23,1,0
BRDA:232,24,0,0
BRDA:232,24,1,0
BRDA:232,24,2,0
BRDA:233,25,0,0
BRDA:233,25,1,0
BRDA:238,26,0,0
BRDA:238,26,1,0
BRDA:240,27,0,0
BRDA:240,27,1,0
BRDA:247,28,0,0
BRDA:247,28,1,0
BRDA:251,29,0,0
BRDA:251,29,1,0
BRDA:260,30,0,0
BRDA:260,30,1,0
BRDA:268,31,0,0
BRDA:268,31,1,0
BRDA:284,32,0,0
BRDA:284,32,1,0
BRDA:289,33,0,0
BRDA:289,33,1,0
BRDA:292,34,0,0
BRDA:292,34,1,0
BRDA:295,35,0,0
BRDA:295,35,1,0
BRDA:298,36,0,0
BRDA:298,36,1,0
BRDA:305,37,0,0
BRDA:305,37,1,0
BRDA:305,37,2,0
BRDA:305,37,3,0
BRDA:311,38,0,0
BRDA:311,38,1,0
BRDA:311,39,0,0
BRDA:311,39,1,0
BRDA:319,40,0,0
BRDA:319,40,1,0
BRDA:333,41,0,0
BRDA:333,41,1,0
BRDA:341,42,0,0
BRDA:341,42,1,0
BRDA:343,43,0,0
BRDA:345,44,0,0
BRDA:345,44,1,0
BRDA:349,45,0,0
BRDA:349,45,1,0
BRDA:353,46,0,0
BRDA:353,46,1,0
BRDA:355,47,0,0
BRDA:355,47,1,0
BRDA:361,48,0,0
BRDA:361,48,1,0
BRDA:371,49,0,0
BRDA:371,49,1,0
BRDA:376,50,0,0
BRDA:376,50,1,0
BRDA:376,50,2,0
BRDA:377,51,0,0
BRDA:377,51,1,0
BRDA:378,52,0,0
BRDA:378,52,1,0
BRDA:382,53,0,0
BRDA:382,53,1,0
BRDA:413,54,0,0
BRDA:413,54,1,0
BRDA:422,55,0,0
BRDA:422,55,1,0
BRDA:424,56,0,0
BRDA:424,56,1,0
BRDA:442,57,0,0
BRDA:442,57,1,0
BRDA:442,58,0,0
BRDA:442,58,1,0
BRDA:447,59,0,0
BRDA:447,59,1,0
BRDA:447,60,0,0
BRDA:447,60,1,0
BRDA:454,61,0,0
BRDA:454,61,1,0
BRF:130
BRH:0
end_of_record
TN:
SF:src/screens/Shared/NotificationsScreen.jsx
FN:36,(anonymous_0)
FN:43,(anonymous_1)
FN:60,(anonymous_2)
FN:64,(anonymous_3)
FN:68,(anonymous_4)
FN:69,(anonymous_5)
FN:86,(anonymous_6)
FN:89,(anonymous_7)
FN:90,(anonymous_8)
FN:98,(anonymous_9)
FN:100,(anonymous_10)
FN:110,(anonymous_11)
FN:146,(anonymous_12)
FN:156,(anonymous_13)
FN:164,(anonymous_14)
FNF:15
FNH:0
FNDA:0,(anonymous_0)
FNDA:0,(anonymous_1)
FNDA:0,(anonymous_2)
FNDA:0,(anonymous_3)
FNDA:0,(anonymous_4)
FNDA:0,(anonymous_5)
FNDA:0,(anonymous_6)
FNDA:0,(anonymous_7)
FNDA:0,(anonymous_8)
FNDA:0,(anonymous_9)
FNDA:0,(anonymous_10)
FNDA:0,(anonymous_11)
FNDA:0,(anonymous_12)
FNDA:0,(anonymous_13)
FNDA:0,(anonymous_14)
DA:27,0
DA:36,0
DA:37,0
DA:38,0
DA:39,0
DA:40,0
DA:41,0
DA:43,0
DA:44,0
DA:45,0
DA:46,0
DA:48,0
DA:49,0
DA:50,0
DA:52,0
DA:53,0
DA:55,0
DA:56,0
DA:60,0
DA:61,0
DA:64,0
DA:65,0
DA:66,0
DA:67,0
DA:68,0
DA:69,0
DA:70,0
DA:73,0
DA:75,0
DA:80,0
DA:81,0
DA:82,0
DA:86,0
DA:87,0
DA:88,0
DA:89,0
DA:90,0
DA:92,0
DA:94,0
DA:98,0
DA:100,0
DA:101,0
DA:102,0
DA:104,0
DA:110,0
DA:136,0
DA:142,0
DA:146,0
DA:156,0
DA:164,0
LF:50
LH:0
BRDA:43,0,0,0
BRDA:45,1,0,0
BRDA:45,1,1,0
BRDA:49,2,0,0
BRDA:49,2,1,0
BRDA:65,3,0,0
BRDA:65,3,1,0
BRDA:70,4,0,0
BRDA:70,4,1,0
BRDA:81,5,0,0
BRDA:81,5,1,0
BRDA:90,6,0,0
BRDA:90,6,1,0
BRDA:102,7,0,0
BRDA:102,7,1,0
BRDA:108,8,0,0
BRDA:108,8,1,0
BRDA:119,9,0,0
BRDA:119,9,1,0
BRDA:121,10,0,0
BRDA:121,10,1,0
BRDA:130,11,0,0
BRDA:130,11,1,0
BRDA:136,12,0,0
BRDA:136,12,1,0
BRDA:150,13,0,0
BRDA:150,13,1,0
BRDA:159,14,0,0
BRDA:159,14,1,0
BRDA:169,15,0,0
BRDA:169,15,1,0
BRF:31
BRH:0
end_of_record
TN:
SF:src/screens/Shared/VideoPlayerScreen.jsx
FN:30,(anonymous_0)
FN:54,(anonymous_1)
FN:57,(anonymous_2)
FN:69,(anonymous_3)
FN:73,(anonymous_4)
FN:78,(anonymous_5)
FN:81,(anonymous_6)
FN:95,(anonymous_7)
FN:96,(anonymous_8)
FN:111,(anonymous_9)
FN:115,(anonymous_10)
FN:121,(anonymous_11)
FN:131,(anonymous_12)
FN:151,(anonymous_13)
FN:159,(anonymous_14)
FN:169,(anonymous_15)
FN:189,(anonymous_16)
FN:220,(anonymous_17)
FN:252,(anonymous_18)
FN:253,(anonymous_19)
FN:262,(anonymous_20)
FN:300,(anonymous_21)
FN:333,(anonymous_22)
FN:353,(anonymous_23)
FN:357,(anonymous_24)
FN:359,(anonymous_25)
FN:367,(anonymous_26)
FNF:27
FNH:0
FNDA:0,(anonymous_0)
FNDA:0,(anonymous_1)
FNDA:0,(anonymous_2)
FNDA:0,(anonymous_3)
FNDA:0,(anonymous_4)
FNDA:0,(anonymous_5)
FNDA:0,(anonymous_6)
FNDA:0,(anonymous_7)
FNDA:0,(anonymous_8)
FNDA:0,(anonymous_9)
FNDA:0,(anonymous_10)
FNDA:0,(anonymous_11)
FNDA:0,(anonymous_12)
FNDA:0,(anonymous_13)
FNDA:0,(anonymous_14)
FNDA:0,(anonymous_15)
FNDA:0,(anonymous_16)
FNDA:0,(anonymous_17)
FNDA:0,(anonymous_18)
FNDA:0,(anonymous_19)
FNDA:0,(anonymous_20)
FNDA:0,(anonymous_21)
FNDA:0,(anonymous_22)
FNDA:0,(anonymous_23)
FNDA:0,(anonymous_24)
FNDA:0,(anonymous_25)
FNDA:0,(anonymous_26)
DA:23,0
DA:30,0
DA:39,0
DA:40,0
DA:41,0
DA:42,0
DA:43,0
DA:44,0
DA:47,0
DA:48,0
DA:49,0
DA:50,0
DA:51,0
DA:54,0
DA:55,0
DA:56,0
DA:57,0
DA:58,0
DA:59,0
DA:60,0
DA:61,0
DA:63,0
DA:64,0
DA:66,0
DA:69,0
DA:73,0
DA:74,0
DA:75,0
DA:78,0
DA:79,0
DA:81,0
DA:82,0
DA:83,0
DA:86,0
DA:87,0
DA:88,0
DA:89,0
DA:90,0
DA:91,0
DA:92,0
DA:93,0
DA:94,0
DA:95,0
DA:97,0
DA:98,0
DA:99,0
DA:101,0
DA:104,0
DA:105,0
DA:107,0
DA:111,0
DA:112,0
DA:115,0
DA:116,0
DA:117,0
DA:121,0
DA:122,0
DA:123,0
DA:124,0
DA:126,0
DA:127,0
DA:131,0
DA:132,0
DA:133,0
DA:134,0
DA:135,0
DA:136,0
DA:137,0
DA:138,0
DA:139,0
DA:140,0
DA:141,0
DA:142,0
DA:144,0
DA:145,0
DA:146,0
DA:151,0
DA:152,0
DA:153,0
DA:154,0
DA:155,0
DA:156,0
DA:159,0
DA:160,0
DA:163,0
DA:164,0
DA:166,0
DA:169,0
DA:190,0
DA:212,0
DA:216,0
DA:220,0
DA:252,0
DA:253,0
DA:263,0
DA:301,0
DA:302,0
DA:303,0
DA:305,0
DA:308,0
DA:333,0
DA:353,0
DA:354,0
DA:355,0
DA:357,0
DA:358,0
DA:359,0
DA:360,0
DA:361,0
DA:362,0
DA:363,0
DA:364,0
DA:367,0
DA:370,0
LF:114
LH:0
BRDA:51,0,0,0
BRDA:51,0,1,0
BRDA:55,1,0,0
BRDA:55,1,1,0
BRDA:61,2,0,0
BRDA:61,2,1,0
BRDA:61,3,0,0
BRDA:61,3,1,0
BRDA:64,4,0,0
BRDA:64,4,1,0
BRDA:66,5,0,0
BRDA:66,5,1,0
BRDA:79,6,0,0
BRDA:79,6,1,0
BRDA:82,7,0,0
BRDA:82,7,1,0
BRDA:83,8,0,0
BRDA:83,8,1,0
BRDA:86,9,0,0
BRDA:86,9,1,0
BRDA:86,10,0,0
BRDA:86,10,1,0
BRDA:89,11,0,0
BRDA:89,11,1,0
BRDA:99,12,0,0
BRDA:99,12,1,0
BRDA:105,13,0,0
BRDA:105,13,1,0
BRDA:122,14,0,0
BRDA:122,14,1,0
BRDA:123,15,0,0
BRDA:123,15,1,0
BRDA:132,16,0,0
BRDA:132,16,1,0
BRDA:138,17,0,0
BRDA:138,17,1,0
BRDA:146,18,0,0
BRDA:146,18,1,0
BRDA:152,19,0,0
BRDA:152,19,1,0
BRDA:153,20,0,0
BRDA:153,20,1,0
BRDA:160,21,0,0
BRDA:160,21,1,0
BRDA:161,22,0,0
BRDA:161,22,1,0
BRDA:161,23,0,0
BRDA:161,23,1,0
BRDA:168,24,0,0
BRDA:168,24,1,0
BRDA:179,25,0,0
BRDA:179,25,1,0
BRDA:182,26,0,0
BRDA:182,26,1,0
BRDA:187,27,0,0
BRDA:187,27,1,0
BRDA:187,28,0,0
BRDA:187,28,1,0
BRDA:203,29,0,0
BRDA:203,29,1,0
BRDA:212,30,0,0
BRDA:212,30,1,0
BRDA:226,31,0,0
BRDA:226,31,1,0
BRDA:231,32,0,0
BRDA:231,32,1,0
BRDA:232,33,0,0
BRDA:232,33,1,0
BRDA:236,34,0,0
BRDA:236,34,1,0
BRDA:251,35,0,0
BRDA:251,35,1,0
BRDA:255,36,0,0
BRDA:255,36,1,0
BRDA:260,37,0,0
BRDA:260,37,1,0
BRDA:260,38,0,0
BRDA:260,38,1,0
BRDA:276,39,0,0
BRDA:276,39,1,0
BRDA:285,40,0,0
BRDA:285,40,1,0
BRDA:286,41,0,0
BRDA:286,41,1,0
BRDA:287,42,0,0
BRDA:287,42,1,0
BRDA:289,43,0,0
BRDA:289,43,1,0
BRDA:290,44,0,0
BRDA:290,44,1,0
BRDA:291,45,0,0
BRDA:291,45,1,0
BRDA:294,46,0,0
BRDA:294,46,1,0
BRDA:296,47,0,0
BRDA:296,47,1,0
BRDA:302,48,0,0
BRDA:302,48,1,0
BRDA:311,49,0,0
BRDA:311,49,1,0
BRDA:316,50,0,0
BRDA:316,50,1,0
BRDA:317,51,0,0
BRDA:317,51,1,0
BRDA:324,52,0,0
BRDA:324,52,1,0
BRDA:324,52,2,0
BRDA:325,53,0,0
BRDA:325,53,1,0
BRDA:329,54,0,0
BRDA:329,54,1,0
BRDA:361,55,0,0
BRDA:361,55,1,0
BRDA:373,56,0,0
BRDA:373,56,1,0
BRF:115
BRH:0
end_of_record
TN:
SF:src/services/accounts.api.js
FN:3,(anonymous_0)
FN:8,(anonymous_1)
FN:13,(anonymous_2)
FN:18,(anonymous_3)
FN:23,(anonymous_4)
FN:28,(anonymous_5)
FN:33,(anonymous_6)
FN:38,(anonymous_7)
FN:46,(anonymous_8)
FN:53,(anonymous_9)
FN:60,(anonymous_10)
FN:68,(anonymous_11)
FN:75,(anonymous_12)
FN:83,(anonymous_13)
FN:91,(anonymous_14)
FN:99,(anonymous_15)
FN:107,(anonymous_16)
FN:114,(anonymous_17)
FN:123,(anonymous_18)
FN:129,(anonymous_19)
FN:134,(anonymous_20)
FN:141,(anonymous_21)
FN:148,(anonymous_22)
FN:153,(anonymous_23)
FN:160,(anonymous_24)
FN:165,(anonymous_25)
FNF:26
FNH:0
FNDA:0,(anonymous_0)
FNDA:0,(anonymous_1)
FNDA:0,(anonymous_2)
FNDA:0,(anonymous_3)
FNDA:0,(anonymous_4)
FNDA:0,(anonymous_5)
FNDA:0,(anonymous_6)
FNDA:0,(anonymous_7)
FNDA:0,(anonymous_8)
FNDA:0,(anonymous_9)
FNDA:0,(anonymous_10)
FNDA:0,(anonymous_11)
FNDA:0,(anonymous_12)
FNDA:0,(anonymous_13)
FNDA:0,(anonymous_14)
FNDA:0,(anonymous_15)
FNDA:0,(anonymous_16)
FNDA:0,(anonymous_17)
FNDA:0,(anonymous_18)
FNDA:0,(anonymous_19)
FNDA:0,(anonymous_20)
FNDA:0,(anonymous_21)
FNDA:0,(anonymous_22)
FNDA:0,(anonymous_23)
FNDA:0,(anonymous_24)
FNDA:0,(anonymous_25)
DA:3,0
DA:4,0
DA:5,0
DA:8,0
DA:9,0
DA:10,0
DA:13,0
DA:14,0
DA:15,0
DA:18,0
DA:19,0
DA:20,0
DA:23,0
DA:24,0
DA:25,0
DA:28,0
DA:29,0
DA:30,0
DA:33,0
DA:34,0
DA:35,0
DA:38,0
DA:39,0
DA:43,0
DA:46,0
DA:47,0
DA:50,0
DA:53,0
DA:54,0
DA:57,0
DA:60,0
DA:61,0
DA:65,0
DA:68,0
DA:69,0
DA:72,0
DA:75,0
DA:76,0
DA:80,0
DA:83,0
DA:84,0
DA:87,0
DA:91,0
DA:92,0
DA:96,0
DA:99,0
DA:100,0
DA:104,0
DA:107,0
DA:108,0
DA:111,0
DA:114,0
DA:115,0
DA:119,0
DA:123,0
DA:124,0
DA:125,0
DA:129,0
DA:130,0
DA:131,0
DA:134,0
DA:135,0
DA:138,0
DA:141,0
DA:142,0
DA:145,0
DA:148,0
DA:149,0
DA:150,0
DA:153,0
DA:154,0
DA:157,0
DA:160,0
DA:161,0
DA:162,0
DA:165,0
DA:166,0
DA:170,0
LF:78
LH:0
BRDA:23,0,0,0
BRDA:38,1,0,0
BRDA:75,2,0,0
BRDA:157,3,0,0
BRDA:157,3,1,0
BRF:5
BRH:0
end_of_record
TN:
SF:src/services/activity.api.js
FN:3,(anonymous_0)
FN:8,(anonymous_1)
FN:13,(anonymous_2)
FN:22,(anonymous_3)
FNF:4
FNH:0
FNDA:0,(anonymous_0)
FNDA:0,(anonymous_1)
FNDA:0,(anonymous_2)
FNDA:0,(anonymous_3)
DA:3,0
DA:4,0
DA:5,0
DA:8,0
DA:9,0
DA:10,0
DA:13,0
DA:14,0
DA:15,0
DA:22,0
DA:23,0
DA:24,0
DA:29,0
DA:31,0
DA:32,0
DA:33,0
DA:36,0
DA:37,0
LF:18
LH:0
BRDA:5,0,0,0
BRDA:5,0,1,0
BRDA:8,1,0,0
BRDA:15,2,0,0
BRDA:15,2,1,0
BRDA:23,3,0,0
BRDA:23,3,1,0
BRDA:23,4,0,0
BRDA:23,4,1,0
BRDA:31,5,0,0
BRDA:31,5,1,0
BRF:11
BRH:0
end_of_record
TN:
SF:src/services/annotations.api.js
FN:3,(anonymous_0)
FN:12,(anonymous_1)
FN:20,(anonymous_2)
FN:28,(anonymous_3)
FNF:4
FNH:0
FNDA:0,(anonymous_0)
FNDA:0,(anonymous_1)
FNDA:0,(anonymous_2)
FNDA:0,(anonymous_3)
DA:3,0
DA:4,0
DA:5,0
DA:6,0
DA:8,0
DA:9,0
DA:12,0
DA:13,0
DA:17,0
DA:20,0
DA:21,0
DA:25,0
DA:28,0
DA:29,0
DA:32,0
LF:15
LH:0
BRDA:3,0,0,0
BRDA:5,1,0,0
BRDA:5,1,1,0
BRDA:6,2,0,0
BRDA:6,2,1,0
BRF:5
BRH:0
end_of_record
TN:
SF:src/services/apiClient.js
FN:31,(anonymous_0)
FN:45,(anonymous_1)
FN:49,(anonymous_2)
FN:50,(anonymous_3)
FNF:4
FNH:0
FNDA:0,(anonymous_0)
FNDA:0,(anonymous_1)
FNDA:0,(anonymous_2)
FNDA:0,(anonymous_3)
DA:9,0
DA:22,0
DA:30,0
DA:32,0
DA:33,0
DA:34,0
DA:37,0
DA:38,0
DA:39,0
DA:40,0
DA:43,0
DA:45,0
DA:48,0
DA:49,0
DA:51,0
DA:52,0
DA:54,0
LF:17
LH:0
BRDA:33,0,0,0
BRDA:33,0,1,0
BRDA:38,1,0,0
BRDA:38,1,1,0
BRDA:51,2,0,0
BRDA:51,2,1,0
BRF:6
BRH:0
end_of_record
TN:
SF:src/services/auth.api.js
FN:3,(anonymous_0)
FN:12,(anonymous_1)
FN:17,(anonymous_2)
FN:22,(anonymous_3)
FN:34,(anonymous_4)
FNF:5
FNH:0
FNDA:0,(anonymous_0)
FNDA:0,(anonymous_1)
FNDA:0,(anonymous_2)
FNDA:0,(anonymous_3)
FNDA:0,(anonymous_4)
DA:3,0
DA:4,0
DA:9,0
DA:12,0
DA:13,0
DA:14,0
DA:17,0
DA:18,0
DA:19,0
DA:22,0
DA:23,0
DA:24,0
DA:34,0
DA:35,0
DA:39,0
LF:15
LH:0
BRF:0
BRH:0
end_of_record
TN:
SF:src/services/availability.service.js
FN:21,(anonymous_0)
FN:23,(anonymous_1)
FN:23,(anonymous_2)
FN:28,(anonymous_3)
FN:49,(anonymous_4)
FN:53,(anonymous_5)
FN:75,(anonymous_6)
FN:93,(anonymous_7)
FNF:8
FNH:0
FNDA:0,(anonymous_0)
FNDA:0,(anonymous_1)
FNDA:0,(anonymous_2)
FNDA:0,(anonymous_3)
FNDA:0,(anonymous_4)
FNDA:0,(anonymous_5)
FNDA:0,(anonymous_6)
FNDA:0,(anonymous_7)
DA:21,0
DA:22,0
DA:23,0
DA:26,0
DA:28,0
DA:30,0
DA:34,0
DA:35,0
DA:36,0
DA:37,0
DA:39,0
DA:48,0
DA:49,0
DA:50,0
DA:52,0
DA:53,0
DA:57,0
DA:75,0
DA:86,0
DA:88,0
DA:89,0
DA:90,0
DA:91,0
DA:92,0
DA:93,0
DA:94,0
DA:98,0
DA:107,0
DA:116,0
DA:117,0
DA:119,0
DA:120,0
LF:32
LH:0
BRDA:21,0,0,0
BRDA:22,1,0,0
BRDA:22,1,1,0
BRDA:23,2,0,0
BRDA:23,2,1,0
BRDA:28,3,0,0
BRDA:28,3,1,0
BRDA:48,4,0,0
BRDA:48,4,1,0
BRDA:48,5,0,0
BRDA:48,5,1,0
BRDA:52,6,0,0
BRDA:52,6,1,0
BRDA:82,7,0,0
BRDA:83,8,0,0
BRDA:89,9,0,0
BRDA:89,9,1,0
BRDA:90,10,0,0
BRDA:90,10,1,0
BRDA:92,11,0,0
BRDA:92,11,1,0
BRDA:92,12,0,0
BRDA:92,12,1,0
BRDA:93,13,0,0
BRDA:93,13,1,0
BRDA:102,14,0,0
BRDA:102,14,1,0
BRDA:104,15,0,0
BRDA:104,15,1,0
BRDA:108,16,0,0
BRDA:108,16,1,0
BRDA:116,17,0,0
BRDA:116,17,1,0
BRDA:116,18,0,0
BRDA:116,18,1,0
BRDA:116,18,2,0
BRF:36
BRH:0
end_of_record
TN:
SF:src/services/billing.api.js
FN:14,(anonymous_0)
FN:25,(anonymous_1)
FN:43,(anonymous_2)
FN:54,(anonymous_3)
FNF:4
FNH:0
FNDA:0,(anonymous_0)
FNDA:0,(anonymous_1)
FNDA:0,(anonymous_2)
FNDA:0,(anonymous_3)
DA:14,0
DA:15,0
DA:16,0
DA:25,0
DA:26,0
DA:29,0
DA:43,0
DA:44,0
DA:45,0
DA:54,0
DA:55,0
DA:56,0
LF:12
LH:0
BRF:0
BRH:0
end_of_record
TN:
SF:src/services/bookings.api.js
FN:3,(anonymous_0)
FN:8,(anonymous_1)
FN:13,(anonymous_2)
FN:18,(anonymous_3)
FN:23,(anonymous_4)
FN:28,(anonymous_5)
FN:33,(anonymous_6)
FN:38,(anonymous_7)
FN:43,(anonymous_8)
FN:61,(anonymous_9)
FN:66,(anonymous_10)
FN:71,(anonymous_11)
FN:76,(anonymous_12)
FN:81,(anonymous_13)
FN:86,(anonymous_14)
FN:96,(anonymous_15)
FN:109,(anonymous_16)
FN:120,(anonymous_17)
FNF:18
FNH:0
FNDA:0,(anonymous_0)
FNDA:0,(anonymous_1)
FNDA:0,(anonymous_2)
FNDA:0,(anonymous_3)
FNDA:0,(anonymous_4)
FNDA:0,(anonymous_5)
FNDA:0,(anonymous_6)
FNDA:0,(anonymous_7)
FNDA:0,(anonymous_8)
FNDA:0,(anonymous_9)
FNDA:0,(anonymous_10)
FNDA:0,(anonymous_11)
FNDA:0,(anonymous_12)
FNDA:0,(anonymous_13)
FNDA:0,(anonymous_14)
FNDA:0,(anonymous_15)
FNDA:0,(anonymous_16)
FNDA:0,(anonymous_17)
DA:3,0
DA:4,0
DA:5,0
DA:8,0
DA:9,0
DA:10,0
DA:13,0
DA:14,0
DA:15,0
DA:18,0
DA:19,0
DA:20,0
DA:23,0
DA:24,0
DA:25,0
DA:28,0
DA:29,0
DA:30,0
DA:33,0
DA:34,0
DA:35,0
DA:38,0
DA:39,0
DA:40,0
DA:43,0
DA:44,0
DA:45,0
DA:61,0
DA:62,0
DA:63,0
DA:66,0
DA:67,0
DA:68,0
DA:71,0
DA:72,0
DA:73,0
DA:76,0
DA:77,0
DA:78,0
DA:81,0
DA:82,0
DA:83,0
DA:86,0
DA:87,0
DA:88,0
DA:96,0
DA:97,0
DA:101,0
DA:109,0
DA:110,0
DA:111,0
DA:112,0
DA:120,0
DA:121,0
DA:124,0
LF:55
LH:0
BRDA:3,0,0,0
BRDA:71,1,0,0
BRDA:76,2,0,0
BRDA:96,3,0,0
BRDA:99,4,0,0
BRDA:99,4,1,0
BRDA:110,5,0,0
BRDA:110,5,1,0
BRDA:122,6,0,0
BRDA:122,6,1,0
BRF:10
BRH:0
end_of_record
TN:
SF:src/services/errorReporting.api.js
FN:17,(anonymous_0)
FNF:1
FNH:0
FNDA:0,(anonymous_0)
DA:17,0
DA:18,0
DA:20,0
DA:23,0
DA:24,0
DA:25,0
DA:26,0
DA:27,0
LF:8
LH:0
BRDA:17,0,0,0
BRDA:25,1,0,0
BRDA:25,1,1,0
BRF:3
BRH:0
end_of_record
TN:
SF:src/services/errorReporting.service.js
FN:11,(anonymous_0)
FN:14,(anonymous_1)
FNF:2
FNH:0
FNDA:0,(anonymous_0)
FNDA:0,(anonymous_1)
DA:11,0
DA:12,0
DA:14,0
DA:15,0
DA:32,0
DA:33,0
LF:6
LH:0
BRDA:16,0,0,0
BRDA:16,0,1,0
BRDA:16,0,2,0
BRDA:17,1,0,0
BRDA:17,1,1,0
BRDA:18,2,0,0
BRDA:18,2,1,0
BRDA:23,3,0,0
BRDA:23,3,1,0
BRDA:32,4,0,0
BRDA:32,4,1,0
BRF:11
BRH:0
end_of_record
TN:
SF:src/services/notifications.api.js
FN:3,(anonymous_0)
FN:11,(anonymous_1)
FN:18,(anonymous_2)
FN:23,(anonymous_3)
FN:30,(anonymous_4)
FN:35,(anonymous_5)
FNF:6
FNH:0
FNDA:0,(anonymous_0)
FNDA:0,(anonymous_1)
FNDA:0,(anonymous_2)
FNDA:0,(anonymous_3)
FNDA:0,(anonymous_4)
FNDA:0,(anonymous_5)
DA:3,0
DA:4,0
DA:8,0
DA:11,0
DA:12,0
DA:15,0
DA:18,0
DA:19,0
DA:20,0
DA:23,0
DA:24,0
DA:27,0
DA:30,0
DA:31,0
DA:32,0
DA:35,0
DA:36,0
DA:37,0
LF:18
LH:0
BRDA:18,0,0,0
BRDA:37,1,0,0
BRDA:37,1,1,0
BRF:3
BRH:0
end_of_record
TN:
SF:src/services/promotions.api.js
FN:15,(anonymous_0)
FNF:1
FNH:0
FNDA:0,(anonymous_0)
DA:15,0
DA:16,0
DA:17,0
LF:3
LH:0
BRF:0
BRH:0
end_of_record
TN:
SF:src/services/tenants.api.js
FN:9,(anonymous_0)
FNF:1
FNH:0
FNDA:0,(anonymous_0)
DA:9,0
DA:10,0
DA:13,0
LF:3
LH:0
BRF:0
BRH:0
end_of_record
TN:
SF:src/services/uploads.api.js
FN:15,(anonymous_0)
FN:40,(anonymous_1)
FN:55,(anonymous_2)
FNF:3
FNH:0
FNDA:0,(anonymous_0)
FNDA:0,(anonymous_1)
FNDA:0,(anonymous_2)
DA:15,0
DA:23,0
DA:25,0
DA:26,0
DA:31,0
DA:32,0
DA:33,0
DA:35,0
DA:41,0
DA:42,0
DA:47,0
DA:55,0
DA:56,0
DA:57,0
LF:14
LH:0
BRDA:15,0,0,0
BRDA:17,1,0,0
BRDA:18,2,0,0
BRDA:19,3,0,0
BRDA:20,4,0,0
BRDA:32,5,0,0
BRDA:32,5,1,0
BRDA:33,6,0,0
BRDA:33,6,1,0
BRDA:39,7,0,0
BRDA:39,7,1,0
BRDA:41,8,0,0
BRDA:41,8,1,0
BRDA:55,9,0,0
BRF:14
BRH:0
end_of_record
TN:
SF:src/styles/activityFeed.styles.js
FNF:0
FNH:0
DA:6,0
DA:8,0
LF:2
LH:0
BRF:0
BRH:0
end_of_record
TN:
SF:src/styles/adminDashboard.styles.js
FNF:0
FNH:0
DA:6,0
LF:1
LH:0
BRF:0
BRH:0
end_of_record
TN:
SF:src/styles/adminSchedule.styles.js
FNF:0
FNH:0
DA:6,0
LF:1
LH:0
BRF:0
BRH:0
end_of_record
TN:
SF:src/styles/authenticatedVideo.styles.js
FNF:0
FNH:0
DA:4,0
LF:1
LH:0
BRF:0
BRH:0
end_of_record
TN:
SF:src/styles/booking.styles.js
FNF:0
FNH:0
DA:6,0
LF:1
LH:0
BRF:0
BRH:0
end_of_record
TN:
SF:src/styles/bookingDetail.styles.js
FNF:0
FNH:0
DA:6,0
LF:1
LH:0
BRF:0
BRH:0
end_of_record
TN:
SF:src/styles/bookingsList.styles.js
FNF:0
FNH:0
DA:6,0
LF:1
LH:0
BRF:0
BRH:0
end_of_record
TN:
SF:src/styles/clientDetail.styles.js
FNF:0
FNH:0
DA:6,0
LF:1
LH:0
BRF:0
BRH:0
end_of_record
TN:
SF:src/styles/coachClients.styles.js
FNF:0
FNH:0
DA:6,0
LF:1
LH:0
BRF:0
BRH:0
end_of_record
TN:
SF:src/styles/curriculumEditor.styles.js
FNF:0
FNH:0
DA:6,0
LF:1
LH:0
BRF:0
BRH:0
end_of_record
TN:
SF:src/styles/dashboard.styles.js
FNF:0
FNH:0
DA:6,0
LF:1
LH:0
BRF:0
BRH:0
end_of_record
TN:
SF:src/styles/global.styles.js
FNF:0
FNH:0
DA:6,0
LF:1
LH:0
BRF:0
BRH:0
end_of_record
TN:
SF:src/styles/login.styles.js
FNF:0
FNH:0
DA:6,0
LF:1
LH:0
BRF:0
BRH:0
end_of_record
TN:
SF:src/styles/mediaPicker.styles.js
FNF:0
FNH:0
DA:6,0
LF:1
LH:0
BRF:0
BRH:0
end_of_record
TN:
SF:src/styles/membership.styles.js
FNF:0
FNH:0
DA:6,0
LF:1
LH:0
BRF:0
BRH:0
end_of_record
TN:
SF:src/styles/notifications.styles.js
FNF:0
FNH:0
DA:6,0
LF:1
LH:0
BRF:0
BRH:0
end_of_record
TN:
SF:src/styles/progress.styles.js
FNF:0
FNH:0
DA:6,0
LF:1
LH:0
BRF:0
BRH:0
end_of_record
TN:
SF:src/styles/progressReportDetail.styles.js
FNF:0
FNH:0
DA:6,0
LF:1
LH:0
BRF:0
BRH:0
end_of_record
TN:
SF:src/styles/reportSummary.styles.js
FNF:0
FNH:0
DA:6,0
DA:69,0
LF:2
LH:0
BRF:0
BRH:0
end_of_record
TN:
SF:src/styles/roleSwitcher.styles.js
FNF:0
FNH:0
DA:6,0
LF:1
LH:0
BRF:0
BRH:0
end_of_record
TN:
SF:src/styles/schedule.styles.js
FNF:0
FNH:0
DA:6,0
LF:1
LH:0
BRF:0
BRH:0
end_of_record
TN:
SF:src/styles/shareTargetSheet.styles.js
FNF:0
FNH:0
DA:6,0
LF:1
LH:0
BRF:0
BRH:0
end_of_record
TN:
SF:src/styles/skeleton.styles.js
FNF:0
FNH:0
DA:5,0
DA:7,0
LF:2
LH:0
BRF:0
BRH:0
end_of_record
TN:
SF:src/styles/videoAnnotation.styles.js
FNF:0
FNH:0
DA:6,0
LF:1
LH:0
BRF:0
BRH:0
end_of_record
TN:
SF:src/styles/videoPlayer.styles.js
FNF:0
FNH:0
DA:6,0
LF:1
LH:0
BRF:0
BRH:0
end_of_record
TN:
SF:src/styles/videoRecording.styles.js
FNF:0
FNH:0
DA:4,0
LF:1
LH:0
BRF:0
BRH:0
end_of_record
TN:
SF:src/styles/videoReview.styles.js
FNF:0
FNH:0
DA:6,0
LF:1
LH:0
BRF:0
BRH:0
end_of_record
TN:
SF:src/theme/colors.js
FNF:0
FNH:0
DA:1,0
LF:1
LH:0
BRF:0
BRH:0
end_of_record
TN:
SF:src/theme/paperTheme.js
FNF:0
FNH:0
DA:6,0
LF:1
LH:0
BRF:0
BRH:0
end_of_record
TN:
SF:src/theme/spacing.js
FNF:0
FNH:0
DA:1,0
DA:13,0
DA:22,0
LF:3
LH:0
BRF:0
BRH:0
end_of_record
TN:
SF:src/theme/typography.js
FNF:0
FNH:0
DA:3,0
DA:8,0
LF:2
LH:0
BRF:0
BRH:0
end_of_record
TN:
SF:src/utils/dayjs.js
FN:21,(anonymous_0)
FN:30,(anonymous_1)
FNF:2
FNH:0
FNDA:0,(anonymous_0)
FNDA:0,(anonymous_1)
DA:8,0
DA:9,0
DA:10,0
DA:11,0
DA:12,0
DA:14,0
DA:21,0
DA:22,0
DA:30,0
DA:31,0
DA:32,0
LF:11
LH:0
BRDA:22,0,0,0
BRDA:22,0,1,0
BRDA:31,1,0,0
BRDA:31,1,1,0
BRF:4
BRH:0
end_of_record
